[15/Jan/2018 17:24:44] "GET / HTTP/1.1" 200 6417
[15/Jan/2018 17:24:44] "GET /static/css/sumbrary.css HTTP/1.1" 304 0
[15/Jan/2018 17:24:44] "GET /static/vendor/bootstrap/css/bootstrap.min.css HTTP/1.1" 304 0
[15/Jan/2018 17:24:45] "GET /static/vendor/js/js.js HTTP/1.1" 304 0
[15/Jan/2018 17:24:45] "GET /vendor/jquery/jquery.min.js HTTP/1.1" 404 5024
[15/Jan/2018 17:24:45] "GET /vendor/bootstrap/js/bootstrap.bundle.min.js HTTP/1.1" 404 5072
[15/Jan/2018 17:24:45] "GET /static/media/background.png HTTP/1.1" 304 0
[15/Jan/2018 17:24:45] "GET /static/media/universities.png HTTP/1.1" 304 0
[15/Jan/2018 17:24:45] "GET /static/media/subjects.png HTTP/1.1" 304 0
[15/Jan/2018 17:24:45] "GET /static/media/books.png HTTP/1.1" 304 0
[15/Jan/2018 17:24:45] "GET /vendor/jquery/jquery.min.js HTTP/1.1" 404 5024
[15/Jan/2018 17:24:45] "GET /css/searchicon.png HTTP/1.1" 404 4997
[15/Jan/2018 17:24:45] "GET /vendor/bootstrap/js/bootstrap.bundle.min.js HTTP/1.1" 404 5072
[15/Jan/2018 17:25:11] "GET /book/1/ HTTP/1.1" 200 5917
[15/Jan/2018 17:25:11] "GET /static/css/sumbrary.css HTTP/1.1" 304 0
[15/Jan/2018 17:25:11] "GET /book/1/vendor/jquery/jquery.min.js HTTP/1.1" 404 5045
[15/Jan/2018 17:25:11] "GET /book/1/vendor/bootstrap/js/bootstrap.bundle.min.js HTTP/1.1" 404 5093
[15/Jan/2018 17:25:11] "GET /static/media/bookicon.png HTTP/1.1" 304 0
[15/Jan/2018 17:25:11] "GET /static/media/summary.png HTTP/1.1" 304 0
[15/Jan/2018 17:25:11] "GET /book/1/vendor/jquery/jquery.min.js HTTP/1.1" 404 5045
[15/Jan/2018 17:25:11] "GET /book/1/vendor/bootstrap/js/bootstrap.bundle.min.js HTTP/1.1" 404 5093
[15/Jan/2018 17:25:16] "GET /book/1/ HTTP/1.1" 200 5917
[15/Jan/2018 17:25:17] "GET /book/1/vendor/bootstrap/js/bootstrap.bundle.min.js HTTP/1.1" 404 5093
[15/Jan/2018 17:25:17] "GET /book/1/vendor/jquery/jquery.min.js HTTP/1.1" 404 5045
[15/Jan/2018 17:25:17] "GET /book/1/vendor/bootstrap/js/bootstrap.bundle.min.js HTTP/1.1" 404 5093
[15/Jan/2018 17:25:19] "GET / HTTP/1.1" 200 6417
[15/Jan/2018 17:25:19] "GET /book/1/ HTTP/1.1" 200 5917
[15/Jan/2018 17:25:19] "GET /static/css/sumbrary.css HTTP/1.1" 200 2760
[15/Jan/2018 17:25:19] "GET /static/vendor/js/js.js HTTP/1.1" 200 749
[15/Jan/2018 17:25:19] "GET /static/vendor/bootstrap/css/bootstrap.min.css HTTP/1.1" 200 127349
[15/Jan/2018 17:25:19] "GET /book/1/vendor/jquery/jquery.min.js HTTP/1.1" 404 5045
[15/Jan/2018 17:25:19] "GET /vendor/jquery/jquery.min.js HTTP/1.1" 404 5024
[15/Jan/2018 17:25:19] "GET /book/1/vendor/bootstrap/js/bootstrap.bundle.min.js HTTP/1.1" 404 5093
[15/Jan/2018 17:25:19] "GET /book/1/vendor/jquery/jquery.min.js HTTP/1.1" 404 5045
[15/Jan/2018 17:25:19] "GET /vendor/bootstrap/js/bootstrap.bundle.min.js HTTP/1.1" 404 5072
[15/Jan/2018 17:25:19] "GET /static/media/universities.png HTTP/1.1" 200 11540
[15/Jan/2018 17:25:19] "GET /static/media/books.png HTTP/1.1" 200 11558
[15/Jan/2018 17:25:19] "GET /static/media/subjects.png HTTP/1.1" 200 11394
[15/Jan/2018 17:25:19] "GET /static/media/background.png HTTP/1.1" 200 35109
[15/Jan/2018 17:25:19] "GET /book/1/vendor/bootstrap/js/bootstrap.bundle.min.js HTTP/1.1" 404 5093
[15/Jan/2018 17:25:19] "GET /css/searchicon.png HTTP/1.1" 404 4997
[15/Jan/2018 17:25:20] "GET /favicon.ico HTTP/1.1" 404 4976
[15/Jan/2018 17:25:21] "GET /book/1/ HTTP/1.1" 200 5917
[15/Jan/2018 17:25:21] "GET /book/1/vendor/jquery/jquery.min.js HTTP/1.1" 404 5045
[15/Jan/2018 17:25:21] "GET /book/1/vendor/bootstrap/js/bootstrap.bundle.min.js HTTP/1.1" 404 5093
[15/Jan/2018 17:25:23] "GET /book/1/ HTTP/1.1" 200 5917
[15/Jan/2018 17:25:23] "GET /book/1/vendor/jquery/jquery.min.js HTTP/1.1" 404 5045
[15/Jan/2018 17:25:23] "GET /book/1/vendor/bootstrap/js/bootstrap.bundle.min.js HTTP/1.1" 404 5093
[15/Jan/2018 17:25:23] "GET /login/ HTTP/1.1" 200 5888
[15/Jan/2018 17:25:24] "GET /login/vendor/jquery/jquery.min.js HTTP/1.1" 404 5042
[15/Jan/2018 17:25:24] "GET /login/vendor/bootstrap/js/bootstrap.bundle.min.js HTTP/1.1" 404 5090
[15/Jan/2018 17:25:24] "GET /login/vendor/jquery/jquery.min.js HTTP/1.1" 404 5042
[15/Jan/2018 17:25:24] "GET /login/vendor/bootstrap/js/bootstrap.bundle.min.js HTTP/1.1" 404 5090
[15/Jan/2018 17:25:25] "GET /book/1/ HTTP/1.1" 200 5917
[15/Jan/2018 17:25:26] "GET /book/1/vendor/jquery/jquery.min.js HTTP/1.1" 404 5045
[15/Jan/2018 17:25:26] "GET /book/1/vendor/bootstrap/js/bootstrap.bundle.min.js HTTP/1.1" 404 5093
[15/Jan/2018 17:25:26] "GET /book/1/ HTTP/1.1" 200 5917
[15/Jan/2018 17:25:26] "GET /book/1/ HTTP/1.1" 200 5917
[15/Jan/2018 17:25:26] "GET /book/1/vendor/jquery/jquery.min.js HTTP/1.1" 404 5045
[15/Jan/2018 17:25:26] "GET /book/1/vendor/bootstrap/js/bootstrap.bundle.min.js HTTP/1.1" 404 5093
[15/Jan/2018 17:25:30] "GET /subject/1/ HTTP/1.1" 200 5589
[15/Jan/2018 17:25:30] "GET /subject/1/vendor/jquery/jquery.min.js HTTP/1.1" 404 5054
[15/Jan/2018 17:25:30] "GET /subject/1/vendor/bootstrap/js/bootstrap.bundle.min.js HTTP/1.1" 404 5102
[15/Jan/2018 17:25:35] "GET /admin HTTP/1.1" 301 0
[15/Jan/2018 17:25:36] "GET /admin/ HTTP/1.1" 302 0
[15/Jan/2018 17:25:37] "GET /admin/login/?next=/admin/ HTTP/1.1" 200 1918
[15/Jan/2018 17:25:37] "GET /static/admin/css/base.css HTTP/1.1" 200 14049
[15/Jan/2018 17:25:37] "GET /static/admin/css/login.css HTTP/1.1" 200 940
[15/Jan/2018 17:25:37] "GET /static/admin/img/nav-bg.gif HTTP/1.1" 200 265
[15/Jan/2018 17:25:45] "POST /admin/login/?next=/admin/ HTTP/1.1" 302 0
[15/Jan/2018 17:25:46] "POST /admin/login/?next=/admin/ HTTP/1.1" 403 2274
[15/Jan/2018 17:25:46] "GET /static/admin/img/nav-bg-reverse.gif HTTP/1.1" 200 178
[15/Jan/2018 17:25:47] "GET /admin/ HTTP/1.1" 200 7258
[15/Jan/2018 17:25:55] "GET / HTTP/1.1" 200 6417
[15/Jan/2018 17:25:55] "GET /vendor/jquery/jquery.min.js HTTP/1.1" 404 5024
[15/Jan/2018 17:25:55] "GET /vendor/bootstrap/js/bootstrap.bundle.min.js HTTP/1.1" 404 5072
[15/Jan/2018 17:25:55] "GET /css/searchicon.png HTTP/1.1" 404 4997
[15/Jan/2018 17:25:58] "GET /admin/login/?next=/admin/ HTTP/1.1" 302 0
[15/Jan/2018 17:25:59] "GET /admin/ HTTP/1.1" 200 7258
[15/Jan/2018 17:25:59] "GET /static/admin/css/dashboard.css HTTP/1.1" 200 434
[15/Jan/2018 17:25:59] "GET /static/admin/img/default-bg.gif HTTP/1.1" 200 836
[15/Jan/2018 17:25:59] "GET /static/admin/img/icon_addlink.gif HTTP/1.1" 200 119
[15/Jan/2018 17:25:59] "GET /static/admin/img/icon_changelink.gif HTTP/1.1" 200 119
[15/Jan/2018 17:25:59] "GET / HTTP/1.1" 200 6417
[15/Jan/2018 17:25:59] "GET /vendor/jquery/jquery.min.js HTTP/1.1" 404 5024
[15/Jan/2018 17:25:59] "GET /vendor/bootstrap/js/bootstrap.bundle.min.js HTTP/1.1" 404 5072
[15/Jan/2018 17:25:59] "GET /css/searchicon.png HTTP/1.1" 404 4997
[15/Jan/2018 17:25:59] "GET /vendor/jquery/jquery.min.js HTTP/1.1" 404 5024
[15/Jan/2018 17:25:59] "GET /vendor/bootstrap/js/bootstrap.bundle.min.js HTTP/1.1" 404 5072
[15/Jan/2018 17:26:03] "GET /admin/auth/user/ HTTP/1.1" 200 9945
[15/Jan/2018 17:26:03] "GET /static/admin/css/changelists.css HTTP/1.1" 200 5254
[15/Jan/2018 17:26:03] "GET /admin/jsi18n/ HTTP/1.1" 200 2372
[15/Jan/2018 17:26:03] "GET /static/admin/js/admin/RelatedObjectLookups.js HTTP/1.1" 200 4466
[15/Jan/2018 17:26:03] "GET /static/admin/js/jquery.init.js HTTP/1.1" 200 326
[15/Jan/2018 17:26:03] "GET /static/admin/js/actions.js HTTP/1.1" 200 4910
[15/Jan/2018 17:26:03] "GET /static/admin/js/core.js HTTP/1.1" 200 7522
[15/Jan/2018 17:26:03] "GET /static/admin/img/icon_searchbox.png HTTP/1.1" 200 368
[15/Jan/2018 17:26:03] "GET /static/admin/js/jquery.js HTTP/1.1" 200 284394
[15/Jan/2018 17:26:03] "GET /static/admin/img/icon-yes.gif HTTP/1.1" 200 299
[15/Jan/2018 17:26:03] "GET /static/admin/img/nav-bg-reverse.gif HTTP/1.1" 200 178
[15/Jan/2018 17:26:03] "GET /static/admin/img/icon-no.gif HTTP/1.1" 200 176
[15/Jan/2018 17:26:03] "GET /static/admin/img/tooltag-add.png HTTP/1.1" 200 110
[15/Jan/2018 17:26:03] "GET /static/admin/img/changelist-bg.gif HTTP/1.1" 200 50
[15/Jan/2018 17:26:03] "GET /static/admin/img/nav-bg-selected.gif HTTP/1.1" 200 265
[15/Jan/2018 17:26:03] "GET /static/admin/img/sorting-icons.gif HTTP/1.1" 200 369
[15/Jan/2018 17:26:10] "GET /login/ HTTP/1.1" 200 5888
[15/Jan/2018 17:26:10] "GET /login/vendor/jquery/jquery.min.js HTTP/1.1" 404 5042
[15/Jan/2018 17:26:10] "GET /login/vendor/bootstrap/js/bootstrap.bundle.min.js HTTP/1.1" 404 5090
[15/Jan/2018 17:26:10] "GET /login/vendor/jquery/jquery.min.js HTTP/1.1" 404 5042
[15/Jan/2018 17:26:10] "GET /login/vendor/bootstrap/js/bootstrap.bundle.min.js HTTP/1.1" 404 5090
[15/Jan/2018 17:26:15] "POST /login/ HTTP/1.1" 302 0
[15/Jan/2018 17:26:15] "GET /user/ HTTP/1.1" 200 5605
[15/Jan/2018 17:26:15] "GET /user/vendor/jquery/jquery.min.js HTTP/1.1" 200 5605
[15/Jan/2018 17:26:15] "GET /user/vendor/bootstrap/js/bootstrap.bundle.min.js HTTP/1.1" 200 5605
[15/Jan/2018 17:26:18] "GET /logout/ HTTP/1.1" 200 5597
[15/Jan/2018 17:26:18] "GET /admin/auth/user/ HTTP/1.1" 200 9945
[15/Jan/2018 17:26:18] "GET /logout/vendor/jquery/jquery.min.js HTTP/1.1" 404 5045
[15/Jan/2018 17:26:18] "GET /admin/jsi18n/ HTTP/1.1" 200 2372
[15/Jan/2018 17:26:19] "GET /logout/vendor/bootstrap/js/bootstrap.bundle.min.js HTTP/1.1" 404 5093
[15/Jan/2018 17:26:19] "GET /css/searchicon.png HTTP/1.1" 404 4997
[15/Jan/2018 17:26:24] "GET /admin/summary/book/ HTTP/1.1" 200 4317
[15/Jan/2018 17:26:24] "GET /admin/summary/book/ HTTP/1.1" 200 4317
[15/Jan/2018 17:26:24] "GET /admin/jsi18n/ HTTP/1.1" 200 2372
[15/Jan/2018 17:26:26] "GET /admin/summary/book/1/ HTTP/1.1" 200 6254
[15/Jan/2018 17:26:26] "GET /admin/jsi18n/ HTTP/1.1" 200 2372
[15/Jan/2018 17:26:26] "GET /static/admin/css/forms.css HTTP/1.1" 200 6283
[15/Jan/2018 17:26:26] "GET /static/admin/css/widgets.css HTTP/1.1" 200 10590
[15/Jan/2018 17:26:26] "GET /static/admin/img/icon_deletelink.gif HTTP/1.1" 200 181
[15/Jan/2018 17:26:31] "GET /admin/summary/book/ HTTP/1.1" 200 4317
[15/Jan/2018 17:26:31] "GET /admin/jsi18n/ HTTP/1.1" 200 2372
[15/Jan/2018 17:26:34] "GET /admin/summary/book/1/ HTTP/1.1" 200 6254
[15/Jan/2018 17:26:34] "GET /admin/jsi18n/ HTTP/1.1" 200 2372
[15/Jan/2018 17:26:43] "GET /login/ HTTP/1.1" 200 5888
[15/Jan/2018 17:26:44] "GET /login/vendor/jquery/jquery.min.js HTTP/1.1" 404 5042
[15/Jan/2018 17:26:44] "GET /login/vendor/bootstrap/js/bootstrap.bundle.min.js HTTP/1.1" 404 5090
[15/Jan/2018 17:26:48] "GET / HTTP/1.1" 200 6417
[15/Jan/2018 17:26:48] "GET /vendor/jquery/jquery.min.js HTTP/1.1" 404 5024
[15/Jan/2018 17:26:48] "GET /vendor/bootstrap/js/bootstrap.bundle.min.js HTTP/1.1" 404 5072
[15/Jan/2018 17:26:48] "GET /css/searchicon.png HTTP/1.1" 404 4997
[15/Jan/2018 17:26:50] "GET /login/ HTTP/1.1" 200 5888
[15/Jan/2018 17:26:50] "GET /login/vendor/jquery/jquery.min.js HTTP/1.1" 404 5042
[15/Jan/2018 17:26:50] "GET /login/vendor/bootstrap/js/bootstrap.bundle.min.js HTTP/1.1" 404 5090
[15/Jan/2018 17:26:57] "POST /login/ HTTP/1.1" 302 0
[15/Jan/2018 17:26:57] "GET /user/ HTTP/1.1" 200 5605
[15/Jan/2018 17:26:57] "GET /user/vendor/jquery/jquery.min.js HTTP/1.1" 200 5605
[15/Jan/2018 17:26:57] "GET /user/vendor/bootstrap/js/bootstrap.bundle.min.js HTTP/1.1" 200 5605
[15/Jan/2018 17:26:59] "GET /logout/ HTTP/1.1" 200 5597
[15/Jan/2018 17:26:59] "GET /logout/vendor/jquery/jquery.min.js HTTP/1.1" 404 5045
[15/Jan/2018 17:26:59] "GET /logout/vendor/jquery/jquery.min.js HTTP/1.1" 404 5045
[15/Jan/2018 17:26:59] "GET /logout/vendor/bootstrap/js/bootstrap.bundle.min.js HTTP/1.1" 404 5093
[15/Jan/2018 17:26:59] "GET /css/searchicon.png HTTP/1.1" 404 4997
[15/Jan/2018 17:27:02] "GET / HTTP/1.1" 200 6417
[15/Jan/2018 17:27:02] "GET /vendor/jquery/jquery.min.js HTTP/1.1" 404 5024
[15/Jan/2018 17:27:02] "GET /vendor/bootstrap/js/bootstrap.bundle.min.js HTTP/1.1" 404 5072
[15/Jan/2018 17:27:02] "GET /css/searchicon.png HTTP/1.1" 404 4997
[15/Jan/2018 17:28:01] "POST /admin/summary/book/1/ HTTP/1.1" 302 0
[15/Jan/2018 17:28:02] "GET /admin/summary/book/add/ HTTP/1.1" 200 6185
[15/Jan/2018 17:28:02] "GET /admin/jsi18n/ HTTP/1.1" 200 2372
[15/Jan/2018 17:28:02] "GET /static/admin/img/icon_success.gif HTTP/1.1" 200 341
[15/Jan/2018 17:28:15] "GET / HTTP/1.1" 200 6476
[15/Jan/2018 17:28:16] "GET /static/vendor/js/js.js HTTP/1.1" 304 0
[15/Jan/2018 17:28:16] "GET /static/css/sumbrary.css HTTP/1.1" 304 0
[15/Jan/2018 17:28:16] "GET /static/vendor/bootstrap/css/bootstrap.min.css HTTP/1.1" 304 0
[15/Jan/2018 17:28:16] "GET /static/media/background.png HTTP/1.1" 304 0
[15/Jan/2018 17:28:17] "GET /static/media/universities.png HTTP/1.1" 304 0
[15/Jan/2018 17:28:17] "GET /static/media/subjects.png HTTP/1.1" 304 0
[15/Jan/2018 17:28:17] "GET /static/media/books.png HTTP/1.1" 304 0
[15/Jan/2018 17:28:17] "GET /vendor/jquery/jquery.min.js HTTP/1.1" 404 5024
[15/Jan/2018 17:28:17] "GET /vendor/bootstrap/js/bootstrap.bundle.min.js HTTP/1.1" 404 5072
[15/Jan/2018 17:28:17] "GET /css/searchicon.png HTTP/1.1" 404 4997
[15/Jan/2018 17:28:23] "POST /admin/summary/book/add/ HTTP/1.1" 302 0
[15/Jan/2018 17:28:23] "GET /admin/summary/book/ HTTP/1.1" 200 4725
[15/Jan/2018 17:28:24] "GET /admin/jsi18n/ HTTP/1.1" 200 2372
[15/Jan/2018 17:28:28] "GET / HTTP/1.1" 200 6648
[15/Jan/2018 17:28:28] "GET /static/css/sumbrary.css HTTP/1.1" 304 0
[15/Jan/2018 17:28:28] "GET /static/vendor/js/js.js HTTP/1.1" 304 0
[15/Jan/2018 17:28:28] "GET /static/vendor/bootstrap/css/bootstrap.min.css HTTP/1.1" 304 0
[15/Jan/2018 17:28:28] "GET /vendor/jquery/jquery.min.js HTTP/1.1" 404 5024
[15/Jan/2018 17:28:28] "GET /vendor/bootstrap/js/bootstrap.bundle.min.js HTTP/1.1" 404 5072
[15/Jan/2018 17:28:28] "GET /static/media/background.png HTTP/1.1" 304 0
[15/Jan/2018 17:28:28] "GET /static/media/universities.png HTTP/1.1" 304 0
[15/Jan/2018 17:28:28] "GET /static/media/subjects.png HTTP/1.1" 304 0
[15/Jan/2018 17:28:28] "GET /vendor/jquery/jquery.min.js HTTP/1.1" 404 5024
[15/Jan/2018 17:28:28] "GET /static/media/books.png HTTP/1.1" 304 0
[15/Jan/2018 17:28:28] "GET /css/searchicon.png HTTP/1.1" 404 4997
[15/Jan/2018 17:28:28] "GET /vendor/bootstrap/js/bootstrap.bundle.min.js HTTP/1.1" 404 5072
[15/Jan/2018 17:28:34] "GET /admin/summary/book/add/ HTTP/1.1" 200 5997
[15/Jan/2018 17:28:34] "GET /admin/jsi18n/ HTTP/1.1" 200 2372
[15/Jan/2018 17:28:43] "GET /allUnis/ HTTP/1.1" 200 6586
[15/Jan/2018 17:28:43] "GET /allUnis/vendor/jquery/jquery.min.js HTTP/1.1" 404 5048
[15/Jan/2018 17:28:43] "GET /allUnis/vendor/bootstrap/js/bootstrap.bundle.min.js HTTP/1.1" 404 5096
[15/Jan/2018 17:28:47] "GET /admin/summary/book/ HTTP/1.1" 200 4562
[15/Jan/2018 17:28:50] "GET /admin/summary/book/2/ HTTP/1.1" 200 6356
[15/Jan/2018 17:28:50] "GET /admin/jsi18n/ HTTP/1.1" 200 2372
[15/Jan/2018 17:28:54] "GET /admin/summary/book/add/ HTTP/1.1" 200 5997
[15/Jan/2018 17:28:54] "GET /admin/jsi18n/ HTTP/1.1" 200 2372
[15/Jan/2018 17:30:24] "GET /static/admin/img/default-bg-reverse.gif HTTP/1.1" 200 835
[15/Jan/2018 17:30:24] "POST /admin/summary/book/add/ HTTP/1.1" 302 0
[15/Jan/2018 17:30:24] "GET /admin/summary/book/ HTTP/1.1" 200 4922
[15/Jan/2018 17:30:24] "GET /admin/jsi18n/ HTTP/1.1" 200 2372
[15/Jan/2018 17:30:27] "GET /admin/ HTTP/1.1" 200 7833
[15/Jan/2018 17:30:28] "GET /admin/summary/subject/ HTTP/1.1" 200 4574
[15/Jan/2018 17:30:28] "GET /admin/jsi18n/ HTTP/1.1" 200 2372
[15/Jan/2018 17:30:29] "GET /allBooks/ HTTP/1.1" 200 6627
[15/Jan/2018 17:30:29] "GET /allBooks/vendor/jquery/jquery.min.js HTTP/1.1" 404 5051
[15/Jan/2018 17:30:29] "GET /allBooks/vendor/bootstrap/js/bootstrap.bundle.min.js HTTP/1.1" 404 5099
[15/Jan/2018 17:30:30] "GET /admin/summary/subject/1/ HTTP/1.1" 200 6362
[15/Jan/2018 17:30:30] "GET /admin/jsi18n/ HTTP/1.1" 200 2372
[15/Jan/2018 17:30:31] "GET /book/2 HTTP/1.1" 301 0
[15/Jan/2018 17:30:31] "GET /book/2/ HTTP/1.1" 200 5416
[15/Jan/2018 17:30:31] "GET /static/media/bookicon.png HTTP/1.1" 200 15425
[15/Jan/2018 17:30:31] "GET /book/2/vendor/jquery/jquery.min.js HTTP/1.1" 404 5045
[15/Jan/2018 17:30:32] "GET /book/2/vendor/bootstrap/js/bootstrap.bundle.min.js HTTP/1.1" 404 5093
[15/Jan/2018 17:30:32] "GET /book/2/vendor/jquery/jquery.min.js HTTP/1.1" 404 5045
[15/Jan/2018 17:30:32] "GET /book/2/vendor/bootstrap/js/bootstrap.bundle.min.js HTTP/1.1" 404 5093
[15/Jan/2018 17:30:38] "GET /allUnis/ HTTP/1.1" 200 6586
[15/Jan/2018 17:30:38] "GET /allUnis/vendor/bootstrap/js/bootstrap.bundle.min.js HTTP/1.1" 404 5096
[15/Jan/2018 17:30:38] "GET /allUnis/vendor/jquery/jquery.min.js HTTP/1.1" 404 5048
[15/Jan/2018 17:30:38] "GET /allUnis/vendor/bootstrap/js/bootstrap.bundle.min.js HTTP/1.1" 404 5096
[15/Jan/2018 17:30:40] "GET /allSubj/ HTTP/1.1" 200 6042
[15/Jan/2018 17:30:40] "GET /allSubj/vendor/jquery/jquery.min.js HTTP/1.1" 404 5048
[15/Jan/2018 17:30:40] "GET /allSubj/vendor/bootstrap/js/bootstrap.bundle.min.js HTTP/1.1" 404 5096
[15/Jan/2018 17:30:40] "GET /allSubj/vendor/jquery/jquery.min.js HTTP/1.1" 404 5048
[15/Jan/2018 17:30:40] "GET /allSubj/vendor/bootstrap/js/bootstrap.bundle.min.js HTTP/1.1" 404 5096
[15/Jan/2018 17:30:41] "POST /admin/summary/subject/1/ HTTP/1.1" 200 6505
[15/Jan/2018 17:30:41] "GET /admin/jsi18n/ HTTP/1.1" 200 2372
[15/Jan/2018 17:30:41] "GET /subject/1 HTTP/1.1" 301 0
[15/Jan/2018 17:30:41] "GET /subject/1/ HTTP/1.1" 200 5589
[15/Jan/2018 17:30:41] "GET /static/admin/img/icon_error.gif HTTP/1.1" 200 319
[15/Jan/2018 17:30:41] "GET /subject/1/vendor/jquery/jquery.min.js HTTP/1.1" 404 5054
[15/Jan/2018 17:30:41] "GET /subject/1/vendor/bootstrap/js/bootstrap.bundle.min.js HTTP/1.1" 404 5102
[15/Jan/2018 17:30:41] "GET /subject/1/vendor/jquery/jquery.min.js HTTP/1.1" 404 5054
[15/Jan/2018 17:30:41] "GET /subject/1/vendor/bootstrap/js/bootstrap.bundle.min.js HTTP/1.1" 404 5102
[15/Jan/2018 17:30:44] "GET / HTTP/1.1" 200 6804
[15/Jan/2018 17:30:44] "GET /vendor/jquery/jquery.min.js HTTP/1.1" 404 5024
[15/Jan/2018 17:30:44] "GET /vendor/bootstrap/js/bootstrap.bundle.min.js HTTP/1.1" 404 5072
[15/Jan/2018 17:30:44] "GET /vendor/jquery/jquery.min.js HTTP/1.1" 404 5024
[15/Jan/2018 17:30:44] "GET /css/searchicon.png HTTP/1.1" 404 4997
[15/Jan/2018 17:30:44] "GET /vendor/bootstrap/js/bootstrap.bundle.min.js HTTP/1.1" 404 5072
[15/Jan/2018 17:30:54] "POST /admin/summary/subject/1/ HTTP/1.1" 302 0
[15/Jan/2018 17:30:54] "GET /admin/summary/subject/ HTTP/1.1" 200 4727
[15/Jan/2018 17:30:54] "GET /admin/jsi18n/ HTTP/1.1" 200 2372
[15/Jan/2018 17:30:54] "GET / HTTP/1.1" 200 6804
[15/Jan/2018 17:30:55] "GET /static/css/sumbrary.css HTTP/1.1" 304 0
[15/Jan/2018 17:30:55] "GET /static/vendor/bootstrap/css/bootstrap.min.css HTTP/1.1" 304 0
[15/Jan/2018 17:30:55] "GET /static/vendor/js/js.js HTTP/1.1" 304 0
[15/Jan/2018 17:30:55] "GET /vendor/jquery/jquery.min.js HTTP/1.1" 404 5024
[15/Jan/2018 17:30:55] "GET /vendor/bootstrap/js/bootstrap.bundle.min.js HTTP/1.1" 404 5072
[15/Jan/2018 17:30:55] "GET /static/media/background.png HTTP/1.1" 304 0
[15/Jan/2018 17:30:55] "GET /static/media/universities.png HTTP/1.1" 304 0
[15/Jan/2018 17:30:55] "GET /static/media/subjects.png HTTP/1.1" 304 0
[15/Jan/2018 17:30:55] "GET /static/media/books.png HTTP/1.1" 304 0
[15/Jan/2018 17:30:55] "GET /vendor/jquery/jquery.min.js HTTP/1.1" 404 5024
[15/Jan/2018 17:30:55] "GET /css/searchicon.png HTTP/1.1" 404 4997
[15/Jan/2018 17:30:56] "GET /vendor/bootstrap/js/bootstrap.bundle.min.js HTTP/1.1" 404 5072
[15/Jan/2018 17:30:56] "GET /admin/summary/subject/2/ HTTP/1.1" 200 6334
[15/Jan/2018 17:30:56] "GET /admin/jsi18n/ HTTP/1.1" 200 2372
[15/Jan/2018 17:31:01] "GET /book/3/ HTTP/1.1" 200 5400
[15/Jan/2018 17:31:01] "GET /book/3/vendor/jquery/jquery.min.js HTTP/1.1" 404 5045
[15/Jan/2018 17:31:01] "GET /book/3/vendor/bootstrap/js/bootstrap.bundle.min.js HTTP/1.1" 404 5093
[15/Jan/2018 17:31:01] "GET /book/3/vendor/jquery/jquery.min.js HTTP/1.1" 404 5045
[15/Jan/2018 17:31:01] "GET /book/3/vendor/bootstrap/js/bootstrap.bundle.min.js HTTP/1.1" 404 5093
[15/Jan/2018 17:31:48] "POST /admin/summary/subject/2/ HTTP/1.1" 302 0
[15/Jan/2018 17:31:48] "GET /admin/summary/subject/add/ HTTP/1.1" 200 6259
[15/Jan/2018 17:31:48] "GET /admin/jsi18n/ HTTP/1.1" 200 2372
[15/Jan/2018 17:31:51] "GET /book/1/ HTTP/1.1" 200 5424
[15/Jan/2018 17:31:51] "GET /book/1/vendor/jquery/jquery.min.js HTTP/1.1" 404 5045
[15/Jan/2018 17:31:51] "GET /book/1/vendor/bootstrap/js/bootstrap.bundle.min.js HTTP/1.1" 404 5093
[15/Jan/2018 17:31:51] "GET /book/1/vendor/jquery/jquery.min.js HTTP/1.1" 404 5045
[15/Jan/2018 17:31:51] "GET /book/1/vendor/bootstrap/js/bootstrap.bundle.min.js HTTP/1.1" 404 5093
[15/Jan/2018 17:31:52] "GET /allSubj/ HTTP/1.1" 200 6059
[15/Jan/2018 17:31:53] "GET /allSubj/vendor/jquery/jquery.min.js HTTP/1.1" 404 5048
[15/Jan/2018 17:31:53] "GET /allSubj/vendor/bootstrap/js/bootstrap.bundle.min.js HTTP/1.1" 404 5096
[15/Jan/2018 17:31:53] "GET /allSubj/vendor/jquery/jquery.min.js HTTP/1.1" 404 5048
[15/Jan/2018 17:31:53] "GET /allSubj/vendor/bootstrap/js/bootstrap.bundle.min.js HTTP/1.1" 404 5096
[15/Jan/2018 17:31:54] "GET /subject/2 HTTP/1.1" 301 0
[15/Jan/2018 17:31:54] "GET /subject/2/ HTTP/1.1" 200 5589
[15/Jan/2018 17:31:55] "GET /subject/2/vendor/jquery/jquery.min.js HTTP/1.1" 404 5054
[15/Jan/2018 17:31:55] "GET /subject/2/vendor/bootstrap/js/bootstrap.bundle.min.js HTTP/1.1" 404 5102
[15/Jan/2018 17:31:58] "GET /allUnis/ HTTP/1.1" 200 6586
[15/Jan/2018 17:31:58] "GET /allUnis/vendor/jquery/jquery.min.js HTTP/1.1" 404 5048
[15/Jan/2018 17:31:58] "GET /allUnis/vendor/bootstrap/js/bootstrap.bundle.min.js HTTP/1.1" 404 5096
[15/Jan/2018 17:31:58] "GET /allUnis/vendor/jquery/jquery.min.js HTTP/1.1" 404 5048
[15/Jan/2018 17:31:58] "GET /allUnis/vendor/bootstrap/js/bootstrap.bundle.min.js HTTP/1.1" 404 5096
[15/Jan/2018 17:31:59] "GET /allSubj/ HTTP/1.1" 200 6059
[15/Jan/2018 17:32:00] "GET /allSubj/vendor/jquery/jquery.min.js HTTP/1.1" 404 5048
[15/Jan/2018 17:32:00] "GET /allSubj/vendor/bootstrap/js/bootstrap.bundle.min.js HTTP/1.1" 404 5096
[15/Jan/2018 17:32:00] "GET /allBooks/ HTTP/1.1" 200 6627
[15/Jan/2018 17:32:01] "GET /allBooks/vendor/jquery/jquery.min.js HTTP/1.1" 404 5051
[15/Jan/2018 17:32:01] "GET /allBooks/vendor/bootstrap/js/bootstrap.bundle.min.js HTTP/1.1" 404 5099
[15/Jan/2018 17:32:14] "POST /admin/summary/subject/add/ HTTP/1.1" 302 0
[15/Jan/2018 17:32:14] "GET /admin/summary/subject/ HTTP/1.1" 200 4968
[15/Jan/2018 17:32:14] "GET /admin/jsi18n/ HTTP/1.1" 200 2372
[15/Jan/2018 17:32:25] "GET / HTTP/1.1" 200 7005
[15/Jan/2018 17:32:25] "GET /vendor/jquery/jquery.min.js HTTP/1.1" 404 5024
[15/Jan/2018 17:32:25] "GET /vendor/bootstrap/js/bootstrap.bundle.min.js HTTP/1.1" 404 5072
[15/Jan/2018 17:32:26] "GET /css/searchicon.png HTTP/1.1" 404 4997
[15/Jan/2018 17:32:26] "GET /vendor/bootstrap/js/bootstrap.bundle.min.js HTTP/1.1" 404 5072
[15/Jan/2018 17:32:33] "GET /subject/3/ HTTP/1.1" 200 5589
[15/Jan/2018 17:32:33] "GET /subject/3/vendor/jquery/jquery.min.js HTTP/1.1" 404 5054
[15/Jan/2018 17:32:33] "GET /subject/3/vendor/bootstrap/js/bootstrap.bundle.min.js HTTP/1.1" 404 5102
[15/Jan/2018 17:32:33] "GET /subject/3/vendor/jquery/jquery.min.js HTTP/1.1" 404 5054
[15/Jan/2018 17:32:33] "GET /subject/3/vendor/bootstrap/js/bootstrap.bundle.min.js HTTP/1.1" 404 5102
[15/Jan/2018 17:32:40] "GET /admin/ HTTP/1.1" 200 7866
[15/Jan/2018 17:32:43] "GET /admin/summary/university/ HTTP/1.1" 200 4858
[15/Jan/2018 17:32:44] "GET /admin/jsi18n/ HTTP/1.1" 200 2372
[15/Jan/2018 17:32:46] "GET /admin/summary/university/3/ HTTP/1.1" 200 5407
[15/Jan/2018 17:32:46] "GET /admin/jsi18n/ HTTP/1.1" 200 2372
[15/Jan/2018 17:32:52] "POST /admin/summary/university/3/ HTTP/1.1" 302 0
[15/Jan/2018 17:32:53] "GET /admin/summary/university/ HTTP/1.1" 200 5037
[15/Jan/2018 17:32:53] "GET /admin/jsi18n/ HTTP/1.1" 200 2372
[15/Jan/2018 17:32:55] "GET /admin/summary/university/3/ HTTP/1.1" 200 5411
[15/Jan/2018 17:32:57] "GET /admin/jsi18n/ HTTP/1.1" 200 2372
[15/Jan/2018 17:33:14] "GET /allUnis/ HTTP/1.1" 200 6586
[15/Jan/2018 17:33:14] "GET /allUnis/vendor/jquery/jquery.min.js HTTP/1.1" 404 5048
[15/Jan/2018 17:33:14] "GET /allUnis/vendor/bootstrap/js/bootstrap.bundle.min.js HTTP/1.1" 404 5096
[15/Jan/2018 17:33:16] "GET /university/3 HTTP/1.1" 301 0
[15/Jan/2018 17:33:16] "GET /university/3/ HTTP/1.1" 200 6012
[15/Jan/2018 17:33:16] "GET /static/media/summary.png HTTP/1.1" 200 20426
[15/Jan/2018 17:33:16] "GET /university/3/vendor/bootstrap/js/bootstrap.bundle.min.js HTTP/1.1" 404 5111
[15/Jan/2018 17:33:16] "GET /university/3/vendor/jquery/jquery.min.js HTTP/1.1" 404 5063
[15/Jan/2018 17:33:17] "GET /university/3/vendor/bootstrap/js/bootstrap.bundle.min.js HTTP/1.1" 404 5111
[15/Jan/2018 17:33:22] "GET /university/2 HTTP/1.1" 301 0
[15/Jan/2018 17:33:22] "GET /university/2/ HTTP/1.1" 200 5461
[15/Jan/2018 17:33:22] "GET /university/2/vendor/bootstrap/js/bootstrap.bundle.min.js HTTP/1.1" 404 5111
[15/Jan/2018 17:33:22] "GET /university/2/vendor/jquery/jquery.min.js HTTP/1.1" 404 5063
[15/Jan/2018 17:33:22] "GET /university/2/vendor/jquery/jquery.min.js HTTP/1.1" 404 5063
[15/Jan/2018 17:33:22] "GET /university/2/vendor/bootstrap/js/bootstrap.bundle.min.js HTTP/1.1" 404 5111
[15/Jan/2018 17:33:25] "GET /university/3/ HTTP/1.1" 200 6012
[15/Jan/2018 17:33:25] "GET /university/3/vendor/bootstrap/js/bootstrap.bundle.min.js HTTP/1.1" 404 5111
[15/Jan/2018 17:33:25] "GET /university/3/vendor/jquery/jquery.min.js HTTP/1.1" 404 5063
[15/Jan/2018 17:33:25] "GET /university/3/vendor/jquery/jquery.min.js HTTP/1.1" 404 5063
[15/Jan/2018 17:33:25] "GET /university/3/vendor/bootstrap/js/bootstrap.bundle.min.js HTTP/1.1" 404 5111
[15/Jan/2018 17:33:47] "GET /university/1 HTTP/1.1" 301 0
[15/Jan/2018 17:33:47] "GET /university/1/ HTTP/1.1" 200 5973
[15/Jan/2018 17:33:47] "GET /university/1/vendor/jquery/jquery.min.js HTTP/1.1" 404 5063
[15/Jan/2018 17:33:47] "GET /university/1/vendor/bootstrap/js/bootstrap.bundle.min.js HTTP/1.1" 404 5111
[15/Jan/2018 17:33:47] "GET /university/1/vendor/jquery/jquery.min.js HTTP/1.1" 404 5063
[15/Jan/2018 17:33:48] "GET /university/1/vendor/bootstrap/js/bootstrap.bundle.min.js HTTP/1.1" 404 5111
[15/Jan/2018 17:33:49] "GET /summary/3/ HTTP/1.1" 200 6718
[15/Jan/2018 17:33:50] "GET /static/vendor/jquery/jquery.min.js HTTP/1.1" 200 86663
[15/Jan/2018 17:33:50] "GET /static/vendor/bootstrap/js/bootstrap.bundle.min.js HTTP/1.1" 200 69459
[15/Jan/2018 17:33:51] "POST /admin/summary/university/3/ HTTP/1.1" 302 0
[15/Jan/2018 17:33:52] "GET /admin/summary/university/ HTTP/1.1" 200 5037
[15/Jan/2018 17:33:52] "GET /admin/jsi18n/ HTTP/1.1" 200 2372
[15/Jan/2018 17:33:54] "GET /admin/summary/university/2/ HTTP/1.1" 200 5366
[15/Jan/2018 17:33:54] "GET /admin/jsi18n/ HTTP/1.1" 200 2372
[15/Jan/2018 17:33:59] "POST /admin/summary/university/2/ HTTP/1.1" 302 0
[15/Jan/2018 17:33:59] "GET /admin/summary/university/ HTTP/1.1" 200 5021
[15/Jan/2018 17:33:59] "GET /admin/jsi18n/ HTTP/1.1" 200 2372
[15/Jan/2018 17:34:01] "GET /admin/summary/university/1/ HTTP/1.1" 200 5350
[15/Jan/2018 17:34:01] "GET /admin/jsi18n/ HTTP/1.1" 200 2372
[15/Jan/2018 17:34:09] "GET /admin/summary/university/1/delete/ HTTP/1.1" 200 2559
[15/Jan/2018 17:34:11] "POST /admin/summary/university/1/delete/ HTTP/1.1" 302 0
[15/Jan/2018 17:34:11] "GET /admin/summary/university/ HTTP/1.1" 200 4790
[15/Jan/2018 17:34:12] "GET /admin/jsi18n/ HTTP/1.1" 200 2372
[15/Jan/2018 17:34:24] "GET /admin/ HTTP/1.1" 200 7860
[15/Jan/2018 17:34:27] "GET /admin/summary/university/ HTTP/1.1" 200 4637
[15/Jan/2018 17:34:31] "GET /admin/summary/university/add/ HTTP/1.1" 200 5113
[15/Jan/2018 17:34:31] "GET /admin/jsi18n/ HTTP/1.1" 200 2372
[15/Jan/2018 17:34:42] "POST /admin/summary/university/add/ HTTP/1.1" 302 0
[15/Jan/2018 17:34:42] "GET /admin/summary/university/ HTTP/1.1" 200 5031
[15/Jan/2018 17:34:42] "GET /admin/jsi18n/ HTTP/1.1" 200 2372
[15/Jan/2018 17:34:44] "GET /admin/ HTTP/1.1" 200 7871
[15/Jan/2018 17:34:46] "GET /admin/summary/summary/ HTTP/1.1" 200 5010
[15/Jan/2018 17:34:46] "GET /admin/jsi18n/ HTTP/1.1" 200 2372
[15/Jan/2018 17:34:48] "GET /admin/summary/summary/5/ HTTP/1.1" 200 8889
[15/Jan/2018 17:34:48] "GET /admin/jsi18n/ HTTP/1.1" 200 2372
[15/Jan/2018 17:34:48] "GET /static/admin/js/admin/DateTimeShortcuts.js HTTP/1.1" 200 17161
[15/Jan/2018 17:34:48] "GET /static/admin/js/calendar.js HTTP/1.1" 200 5969
[15/Jan/2018 17:34:48] "GET /static/admin/img/icon_calendar.gif HTTP/1.1" 200 192
[15/Jan/2018 17:34:48] "GET /static/admin/img/icon_clock.gif HTTP/1.1" 200 390
[15/Jan/2018 17:34:51] "GET /admin/summary/summary/5/delete/ HTTP/1.1" 200 2538
[15/Jan/2018 17:34:52] "POST /admin/summary/summary/5/delete/ HTTP/1.1" 302 0
[15/Jan/2018 17:34:52] "GET /admin/summary/summary/ HTTP/1.1" 200 4942
[15/Jan/2018 17:34:52] "GET /admin/jsi18n/ HTTP/1.1" 200 2372
[15/Jan/2018 17:34:53] "GET /admin/summary/summary/4/ HTTP/1.1" 200 8815
[15/Jan/2018 17:34:54] "GET /admin/jsi18n/ HTTP/1.1" 200 2372
[15/Jan/2018 17:34:55] "GET /admin/summary/summary/4/delete/ HTTP/1.1" 200 2520
[15/Jan/2018 17:34:56] "POST /admin/summary/summary/4/delete/ HTTP/1.1" 302 0
[15/Jan/2018 17:34:56] "GET /admin/summary/summary/ HTTP/1.1" 200 4723
[15/Jan/2018 17:34:56] "GET /admin/jsi18n/ HTTP/1.1" 200 2372
[15/Jan/2018 17:34:58] "GET /admin/summary/summary/3/ HTTP/1.1" 200 8832
[15/Jan/2018 17:34:58] "GET /admin/jsi18n/ HTTP/1.1" 200 2372
[15/Jan/2018 17:34:59] "GET /admin/summary/summary/3/delete/ HTTP/1.1" 200 2538
[15/Jan/2018 17:35:01] "POST /admin/summary/summary/3/delete/ HTTP/1.1" 302 0
[15/Jan/2018 17:35:01] "GET /admin/summary/summary/ HTTP/1.1" 200 4509
[15/Jan/2018 17:35:01] "GET /admin/jsi18n/ HTTP/1.1" 200 2372
[15/Jan/2018 17:35:02] "GET /admin/summary/summary/2/ HTTP/1.1" 200 8936
[15/Jan/2018 17:35:02] "GET /admin/jsi18n/ HTTP/1.1" 200 2372
[15/Jan/2018 17:35:07] "GET /admin/summary/summary/ HTTP/1.1" 200 4358
[15/Jan/2018 17:35:30] "GET / HTTP/1.1" 200 7029
[15/Jan/2018 17:35:30] "GET /vendor/jquery/jquery.min.js HTTP/1.1" 404 5024
[15/Jan/2018 17:35:30] "GET /vendor/bootstrap/js/bootstrap.bundle.min.js HTTP/1.1" 404 5072
[15/Jan/2018 17:35:30] "GET /css/searchicon.png HTTP/1.1" 404 4997
[15/Jan/2018 17:35:49] "GET / HTTP/1.1" 200 7029
[15/Jan/2018 17:35:49] "GET /vendor/jquery/jquery.min.js HTTP/1.1" 404 5024
[15/Jan/2018 17:35:49] "GET /vendor/bootstrap/js/bootstrap.bundle.min.js HTTP/1.1" 404 5072
[15/Jan/2018 17:35:49] "GET /css/searchicon.png HTTP/1.1" 404 4997
[15/Jan/2018 17:35:51] "GET /subject/1/ HTTP/1.1" 200 5589
[15/Jan/2018 17:35:51] "GET /subject/1/vendor/jquery/jquery.min.js HTTP/1.1" 404 5054
[15/Jan/2018 17:35:51] "GET /subject/1/vendor/bootstrap/js/bootstrap.bundle.min.js HTTP/1.1" 404 5102
[15/Jan/2018 17:35:58] "GET / HTTP/1.1" 200 7029
[15/Jan/2018 17:35:58] "GET /vendor/jquery/jquery.min.js HTTP/1.1" 404 5024
[15/Jan/2018 17:35:58] "GET /vendor/bootstrap/js/bootstrap.bundle.min.js HTTP/1.1" 404 5072
[15/Jan/2018 17:35:58] "GET /css/searchicon.png HTTP/1.1" 404 4997
[15/Jan/2018 17:36:17] "GET /book/1/ HTTP/1.1" 200 5424
[15/Jan/2018 17:36:17] "GET /book/1/vendor/jquery/jquery.min.js HTTP/1.1" 404 5045
[15/Jan/2018 17:36:17] "GET /book/1/vendor/bootstrap/js/bootstrap.bundle.min.js HTTP/1.1" 404 5093
[15/Jan/2018 17:36:17] "GET /book/1/vendor/bootstrap/js/bootstrap.bundle.min.js HTTP/1.1" 404 5093
[15/Jan/2018 17:36:19] "GET /login/ HTTP/1.1" 200 5888
[15/Jan/2018 17:36:20] "GET /login/vendor/jquery/jquery.min.js HTTP/1.1" 404 5042
[15/Jan/2018 17:36:20] "GET /login/vendor/bootstrap/js/bootstrap.bundle.min.js HTTP/1.1" 404 5090
[15/Jan/2018 17:36:27] "GET /signup/ HTTP/1.1" 200 5845
[15/Jan/2018 17:36:27] "GET /signup/vendor/jquery/jquery.min.js HTTP/1.1" 404 5045
[15/Jan/2018 17:36:27] "GET /signup/vendor/bootstrap/js/bootstrap.bundle.min.js HTTP/1.1" 404 5093
[15/Jan/2018 17:36:32] "POST /signup/ HTTP/1.1" 302 0
[15/Jan/2018 17:36:32] "GET /user/ HTTP/1.1" 200 5613
[15/Jan/2018 17:36:32] "GET /user/vendor/jquery/jquery.min.js HTTP/1.1" 200 5613
[15/Jan/2018 17:36:32] "GET /user/vendor/bootstrap/js/bootstrap.bundle.min.js HTTP/1.1" 200 5613
[15/Jan/2018 17:36:34] "GET /user/add_summary/ HTTP/1.1" 200 6315
[15/Jan/2018 17:36:34] "GET /user/add_summary/vendor/jquery/jquery.min.js HTTP/1.1" 200 5613
[15/Jan/2018 17:36:34] "GET /user/add_summary/vendor/bootstrap/js/bootstrap.bundle.min.js HTTP/1.1" 200 5613
[15/Jan/2018 17:37:02] "GET / HTTP/1.1" 200 7029
[15/Jan/2018 17:37:03] "GET /vendor/jquery/jquery.min.js HTTP/1.1" 404 5024
[15/Jan/2018 17:37:03] "GET /vendor/bootstrap/js/bootstrap.bundle.min.js HTTP/1.1" 404 5072
[15/Jan/2018 17:37:03] "GET /css/searchicon.png HTTP/1.1" 404 4997
[15/Jan/2018 17:37:33] "POST /user/add_summary/ HTTP/1.1" 302 0
[15/Jan/2018 17:37:33] "GET /user/ HTTP/1.1" 200 5981
[15/Jan/2018 17:37:33] "GET /user/vendor/jquery/jquery.min.js HTTP/1.1" 200 5981
[15/Jan/2018 17:37:33] "GET /user/vendor/bootstrap/js/bootstrap.bundle.min.js HTTP/1.1" 200 5981
[15/Jan/2018 17:37:40] "GET /user/add_summary/ HTTP/1.1" 200 6315
[15/Jan/2018 17:37:40] "GET /user/add_summary/vendor/jquery/jquery.min.js HTTP/1.1" 200 5981
[15/Jan/2018 17:37:40] "GET /user/add_summary/vendor/bootstrap/js/bootstrap.bundle.min.js HTTP/1.1" 200 5981
[15/Jan/2018 17:38:46] "POST /user/add_summary/ HTTP/1.1" 500 92083
[15/Jan/2018 17:39:01] "POST /user/add_summary/ HTTP/1.1" 500 92083
[15/Jan/2018 17:39:19] "POST /user/add_summary/ HTTP/1.1" 302 0
[15/Jan/2018 17:39:19] "GET /user/ HTTP/1.1" 200 6333
[15/Jan/2018 17:39:19] "GET /user/vendor/jquery/jquery.min.js HTTP/1.1" 200 6333
[15/Jan/2018 17:39:20] "GET /user/vendor/bootstrap/js/bootstrap.bundle.min.js HTTP/1.1" 200 6333
[15/Jan/2018 17:39:22] "GET /user/add_summary/ HTTP/1.1" 200 6315
[15/Jan/2018 17:39:22] "GET /user/add_summary/vendor/jquery/jquery.min.js HTTP/1.1" 200 6333
[15/Jan/2018 17:39:22] "GET /user/add_summary/vendor/bootstrap/js/bootstrap.bundle.min.js HTTP/1.1" 200 6333
[15/Jan/2018 17:39:23] "GET /signup/ HTTP/1.1" 200 5845
[15/Jan/2018 17:39:23] "GET /signup/vendor/jquery/jquery.min.js HTTP/1.1" 404 5045
[15/Jan/2018 17:39:23] "GET /signup/vendor/bootstrap/js/bootstrap.bundle.min.js HTTP/1.1" 404 5093
[15/Jan/2018 17:39:25] "GET /login/ HTTP/1.1" 200 5888
[15/Jan/2018 17:39:25] "GET /login/vendor/jquery/jquery.min.js HTTP/1.1" 404 5042
[15/Jan/2018 17:39:25] "GET /login/vendor/bootstrap/js/bootstrap.bundle.min.js HTTP/1.1" 404 5090
[15/Jan/2018 17:39:25] "GET /login/vendor/jquery/jquery.min.js HTTP/1.1" 404 5042
[15/Jan/2018 17:39:25] "GET /login/vendor/bootstrap/js/bootstrap.bundle.min.js HTTP/1.1" 404 5090
[15/Jan/2018 17:39:32] "POST /login/ HTTP/1.1" 302 0
[15/Jan/2018 17:39:32] "GET /user/ HTTP/1.1" 200 5605
[15/Jan/2018 17:39:32] "GET /user/vendor/jquery/jquery.min.js HTTP/1.1" 200 5605
[15/Jan/2018 17:39:32] "GET /user/vendor/bootstrap/js/bootstrap.bundle.min.js HTTP/1.1" 200 5605
[15/Jan/2018 17:39:34] "GET /user/add_summary/ HTTP/1.1" 200 6315
[15/Jan/2018 17:39:34] "GET /user/add_summary/vendor/jquery/jquery.min.js HTTP/1.1" 200 5605
[15/Jan/2018 17:39:34] "GET /user/add_summary/vendor/bootstrap/js/bootstrap.bundle.min.js HTTP/1.1" 200 5605
[15/Jan/2018 17:40:25] "POST /user/add_summary/ HTTP/1.1" 302 0
[15/Jan/2018 17:40:26] "GET /user/ HTTP/1.1" 200 5971
[15/Jan/2018 17:40:26] "GET /user/vendor/jquery/jquery.min.js HTTP/1.1" 200 5971
[15/Jan/2018 17:40:26] "GET /user/vendor/bootstrap/js/bootstrap.bundle.min.js HTTP/1.1" 200 5971
[15/Jan/2018 17:40:32] "GET /summary/9/ HTTP/1.1" 200 6763
[15/Jan/2018 17:40:32] "GET /static/vendor/jquery/jquery.min.js HTTP/1.1" 200 86663
[15/Jan/2018 17:40:32] "GET /static/vendor/bootstrap/js/bootstrap.bundle.min.js HTTP/1.1" 200 69459
[15/Jan/2018 17:40:43] "GET /logout HTTP/1.1" 301 0
[15/Jan/2018 17:40:43] "GET /logout/ HTTP/1.1" 200 5597
[15/Jan/2018 17:40:43] "GET /logout/vendor/jquery/jquery.min.js HTTP/1.1" 404 5045
[15/Jan/2018 17:40:43] "GET /logout/vendor/bootstrap/js/bootstrap.bundle.min.js HTTP/1.1" 404 5093
[15/Jan/2018 17:40:43] "GET /css/searchicon.png HTTP/1.1" 404 4997
[15/Jan/2018 17:40:47] "GET /logout/ HTTP/1.1" 200 5597
[15/Jan/2018 17:40:48] "GET /logout/vendor/jquery/jquery.min.js HTTP/1.1" 404 5045
[15/Jan/2018 17:40:48] "GET /logout/vendor/bootstrap/js/bootstrap.bundle.min.js HTTP/1.1" 404 5093
[15/Jan/2018 17:40:48] "GET /css/searchicon.png HTTP/1.1" 404 4997
[15/Jan/2018 17:40:49] "GET /login/ HTTP/1.1" 200 5888
[15/Jan/2018 17:40:49] "GET /login/vendor/jquery/jquery.min.js HTTP/1.1" 404 5042
[15/Jan/2018 17:40:49] "GET /login/vendor/bootstrap/js/bootstrap.bundle.min.js HTTP/1.1" 404 5090
[15/Jan/2018 17:40:52] "POST /login/ HTTP/1.1" 200 5888
[15/Jan/2018 17:40:52] "GET /login/vendor/jquery/jquery.min.js HTTP/1.1" 404 5042
[15/Jan/2018 17:40:52] "GET /login/vendor/jquery/jquery.min.js HTTP/1.1" 404 5042
[15/Jan/2018 17:40:52] "GET /login/vendor/bootstrap/js/bootstrap.bundle.min.js HTTP/1.1" 404 5090
[15/Jan/2018 17:40:52] "GET /login/vendor/bootstrap/js/bootstrap.bundle.min.js HTTP/1.1" 404 5090
[15/Jan/2018 17:41:00] "POST /login/ HTTP/1.1" 302 0
[15/Jan/2018 17:41:00] "GET /user/ HTTP/1.1" 200 5971
[15/Jan/2018 17:41:00] "GET /user/vendor/jquery/jquery.min.js HTTP/1.1" 200 5971
[15/Jan/2018 17:41:00] "GET /user/vendor/bootstrap/js/bootstrap.bundle.min.js HTTP/1.1" 200 5971
[15/Jan/2018 17:41:03] "GET / HTTP/1.1" 200 7029
[15/Jan/2018 17:41:03] "GET /vendor/jquery/jquery.min.js HTTP/1.1" 404 5024
[15/Jan/2018 17:41:03] "GET /vendor/bootstrap/js/bootstrap.bundle.min.js HTTP/1.1" 404 5072
[15/Jan/2018 17:41:03] "GET /css/searchicon.png HTTP/1.1" 404 4997
[15/Jan/2018 17:41:20] "GET /login/ HTTP/1.1" 200 5888
[15/Jan/2018 17:41:21] "GET /login/vendor/jquery/jquery.min.js HTTP/1.1" 404 5042
[15/Jan/2018 17:41:21] "GET /login/vendor/bootstrap/js/bootstrap.bundle.min.js HTTP/1.1" 404 5090
[15/Jan/2018 17:41:22] "GET / HTTP/1.1" 200 7029
[15/Jan/2018 17:41:23] "GET /vendor/bootstrap/js/bootstrap.bundle.min.js HTTP/1.1" 404 5072
[15/Jan/2018 17:41:23] "GET /vendor/jquery/jquery.min.js HTTP/1.1" 404 5024
[15/Jan/2018 17:41:23] "GET /css/searchicon.png HTTP/1.1" 404 4997
[15/Jan/2018 17:41:23] "GET /vendor/bootstrap/js/bootstrap.bundle.min.js HTTP/1.1" 404 5072
[15/Jan/2018 17:41:32] "GET /login/vendor/jquery/jquery.min.js HTTP/1.1" 404 5042
[15/Jan/2018 17:41:32] "GET /login/vendor/bootstrap/js/bootstrap.bundle.min.js HTTP/1.1" 404 5090
[15/Jan/2018 17:41:34] "GET /vendor/jquery/jquery.min.js HTTP/1.1" 404 5024
[15/Jan/2018 17:41:34] "GET /vendor/bootstrap/js/bootstrap.bundle.min.js HTTP/1.1" 404 5072
[15/Jan/2018 17:41:38] "GET / HTTP/1.1" 200 7029
[15/Jan/2018 17:41:38] "GET /vendor/bootstrap/js/bootstrap.bundle.min.js HTTP/1.1" 404 5072
[15/Jan/2018 17:41:38] "GET /vendor/jquery/jquery.min.js HTTP/1.1" 404 5024
[15/Jan/2018 17:41:39] "GET /css/searchicon.png HTTP/1.1" 404 4997
[15/Jan/2018 17:41:39] "GET /vendor/bootstrap/js/bootstrap.bundle.min.js HTTP/1.1" 404 5072
[15/Jan/2018 17:41:49] "GET /login/ HTTP/1.1" 200 5888
[15/Jan/2018 17:41:49] "GET /login/vendor/bootstrap/js/bootstrap.bundle.min.js HTTP/1.1" 404 5090
[15/Jan/2018 17:41:49] "GET /login/vendor/jquery/jquery.min.js HTTP/1.1" 404 5042
[15/Jan/2018 17:41:49] "GET /login/vendor/bootstrap/js/bootstrap.bundle.min.js HTTP/1.1" 404 5090
[15/Jan/2018 17:41:52] "GET /vendor/jquery/jquery.min.js HTTP/1.1" 404 5024
[15/Jan/2018 17:41:52] "GET /vendor/bootstrap/js/bootstrap.bundle.min.js HTTP/1.1" 404 5072
[15/Jan/2018 17:41:52] "GET /css/searchicon.png HTTP/1.1" 404 4997
[15/Jan/2018 17:42:13] "GET /login/ HTTP/1.1" 200 5888
[15/Jan/2018 17:42:13] "GET /login/vendor/jquery/jquery.min.js HTTP/1.1" 404 5042
[15/Jan/2018 17:42:13] "GET /login/vendor/bootstrap/js/bootstrap.bundle.min.js HTTP/1.1" 404 5090
[15/Jan/2018 17:42:13] "GET /login/vendor/jquery/jquery.min.js HTTP/1.1" 404 5042
[15/Jan/2018 17:42:13] "GET /login/vendor/bootstrap/js/bootstrap.bundle.min.js HTTP/1.1" 404 5090
[15/Jan/2018 17:42:15] "GET /signup/ HTTP/1.1" 200 5845
[15/Jan/2018 17:42:15] "GET /signup/vendor/jquery/jquery.min.js HTTP/1.1" 404 5045
[15/Jan/2018 17:42:15] "GET /signup/vendor/bootstrap/js/bootstrap.bundle.min.js HTTP/1.1" 404 5093
[15/Jan/2018 17:42:19] "POST /signup/ HTTP/1.1" 302 0
[15/Jan/2018 17:42:19] "GET /user/ HTTP/1.1" 200 5605
[15/Jan/2018 17:42:19] "GET /user/vendor/jquery/jquery.min.js HTTP/1.1" 200 5605
[15/Jan/2018 17:42:19] "GET /user/vendor/bootstrap/js/bootstrap.bundle.min.js HTTP/1.1" 200 5605
[15/Jan/2018 17:42:20] "GET /user/add_summary/ HTTP/1.1" 200 6315
[15/Jan/2018 17:42:20] "GET /user/add_summary/vendor/jquery/jquery.min.js HTTP/1.1" 200 5605
[15/Jan/2018 17:42:20] "GET /user/add_summary/vendor/bootstrap/js/bootstrap.bundle.min.js HTTP/1.1" 200 5605
[15/Jan/2018 17:43:04] "POST /user/add_summary/ HTTP/1.1" 302 0
[15/Jan/2018 17:43:04] "GET /user/ HTTP/1.1" 200 5970
[15/Jan/2018 17:43:04] "GET /user/vendor/jquery/jquery.min.js HTTP/1.1" 200 5970
[15/Jan/2018 17:43:04] "GET /user/vendor/bootstrap/js/bootstrap.bundle.min.js HTTP/1.1" 200 5970
[15/Jan/2018 17:43:08] "GET /user/admin HTTP/1.1" 200 5970
[15/Jan/2018 17:43:08] "GET /user/vendor/jquery/jquery.min.js HTTP/1.1" 200 5970
[15/Jan/2018 17:43:08] "GET /user/vendor/bootstrap/js/bootstrap.bundle.min.js HTTP/1.1" 200 5970
[15/Jan/2018 17:43:13] "GET /admin/ HTTP/1.1" 302 0
[15/Jan/2018 17:43:14] "GET /admin/login/?next=/admin/ HTTP/1.1" 200 1918
[15/Jan/2018 17:43:17] "POST /admin/login/?next=/admin/ HTTP/1.1" 200 2078
[15/Jan/2018 17:43:22] "POST /admin/login/?next=/admin/ HTTP/1.1" 302 0
[15/Jan/2018 17:43:22] "GET /admin/ HTTP/1.1" 200 7745
[15/Jan/2018 17:43:26] "GET /admin/summary/summary/ HTTP/1.1" 200 5282
[15/Jan/2018 17:43:27] "GET /admin/jsi18n/ HTTP/1.1" 200 2372
[15/Jan/2018 17:43:29] "GET /admin/summary/summary/10/ HTTP/1.1" 200 8901
[15/Jan/2018 17:43:29] "GET /admin/jsi18n/ HTTP/1.1" 200 2372
[15/Jan/2018 17:43:31] "GET /admin/summary/summary/9/ HTTP/1.1" 200 8949
[15/Jan/2018 17:43:31] "GET /admin/jsi18n/ HTTP/1.1" 200 2372
[15/Jan/2018 17:43:38] "POST /admin/summary/summary/9/ HTTP/1.1" 302 0
[15/Jan/2018 17:43:39] "GET /admin/summary/summary/ HTTP/1.1" 200 5448
[15/Jan/2018 17:43:39] "GET /admin/jsi18n/ HTTP/1.1" 200 2372
[15/Jan/2018 17:43:41] "GET /admin/summary/summary/8/ HTTP/1.1" 200 8980
[15/Jan/2018 17:43:41] "GET /admin/jsi18n/ HTTP/1.1" 200 2372
[15/Jan/2018 17:43:59] "POST /admin/summary/summary/8/ HTTP/1.1" 302 0
[15/Jan/2018 17:43:59] "GET /admin/summary/summary/ HTTP/1.1" 200 5434
[15/Jan/2018 17:43:59] "GET /admin/jsi18n/ HTTP/1.1" 200 2372
[15/Jan/2018 17:44:03] "GET /admin/summary/summary/7/ HTTP/1.1" 200 8962
[15/Jan/2018 17:44:03] "GET /admin/jsi18n/ HTTP/1.1" 200 2372
[15/Jan/2018 17:44:11] "POST /admin/summary/summary/7/ HTTP/1.1" 302 0
[15/Jan/2018 17:44:11] "GET /admin/summary/summary/ HTTP/1.1" 200 5450
[15/Jan/2018 17:44:11] "GET /admin/jsi18n/ HTTP/1.1" 200 2372
[15/Jan/2018 17:44:16] "GET /admin/summary/summary/2/ HTTP/1.1" 200 8936
[15/Jan/2018 17:44:16] "GET /admin/jsi18n/ HTTP/1.1" 200 2372
[15/Jan/2018 17:44:23] "POST /admin/summary/summary/2/ HTTP/1.1" 200 9045
[15/Jan/2018 17:44:23] "GET /admin/jsi18n/ HTTP/1.1" 200 2372
[15/Jan/2018 17:44:38] "POST /admin/summary/summary/2/ HTTP/1.1" 302 0
[15/Jan/2018 17:44:38] "GET /admin/summary/summary/ HTTP/1.1" 200 5441
[15/Jan/2018 17:44:38] "GET /admin/jsi18n/ HTTP/1.1" 200 2372
[15/Jan/2018 17:44:40] "GET /admin/ HTTP/1.1" 200 7704
[15/Jan/2018 17:44:42] "GET / HTTP/1.1" 200 7029
[15/Jan/2018 17:44:42] "GET /vendor/jquery/jquery.min.js HTTP/1.1" 404 5024
[15/Jan/2018 17:44:42] "GET /css/searchicon.png HTTP/1.1" 404 4997
[15/Jan/2018 17:44:42] "GET /vendor/bootstrap/js/bootstrap.bundle.min.js HTTP/1.1" 404 5072
[15/Jan/2018 17:44:49] "GET / HTTP/1.1" 200 7029
Performing system checks...

System check identified no issues (0 silenced).
January 15, 2018 - 17:24:41
Django version 1.8.7, using settings 'sumbrary.settings'
Starting development server at http://0.0.0.0:8555/
Quit the server with CONTROL-C.
[15/Jan/2018 17:46:24] "GET / HTTP/1.1" 200 8004
[15/Jan/2018 17:46:24] "GET /vendor/jquery/jquery.min.js HTTP/1.1" 404 5024
[15/Jan/2018 17:46:24] "GET /css/searchicon.png HTTP/1.1" 404 4997
[15/Jan/2018 17:46:24] "GET /vendor/bootstrap/js/bootstrap.bundle.min.js HTTP/1.1" 404 5072
[15/Jan/2018 17:46:52] "GET / HTTP/1.1" 200 8004
[15/Jan/2018 17:46:52] "GET /static/css/sumbrary.css HTTP/1.1" 200 2760
[15/Jan/2018 17:46:52] "GET /static/media/universities.png HTTP/1.1" 200 11540
[15/Jan/2018 17:46:52] "GET /static/vendor/js/js.js HTTP/1.1" 200 749
[15/Jan/2018 17:46:52] "GET /static/vendor/bootstrap/css/bootstrap.min.css HTTP/1.1" 200 127349
[15/Jan/2018 17:46:52] "GET /vendor/jquery/jquery.min.js HTTP/1.1" 404 5024
[15/Jan/2018 17:46:52] "GET /static/media/subjects.png HTTP/1.1" 200 11394
[15/Jan/2018 17:46:52] "GET /vendor/bootstrap/js/bootstrap.bundle.min.js HTTP/1.1" 404 5072
[15/Jan/2018 17:46:52] "GET /static/media/books.png HTTP/1.1" 200 11558
[15/Jan/2018 17:46:53] "GET /static/media/background.png HTTP/1.1" 200 35109
[15/Jan/2018 17:46:53] "GET /css/searchicon.png HTTP/1.1" 404 4997
[15/Jan/2018 17:47:54] code 400, message Bad HTTP/0.9 request type ('\x16\x03\x01\x00\xe6\x01\x00\x00\xe2\x03\x03\xd6I\x85\xc6\xfb|\xecOO\x16NtZ\xe8]\xa6(')
You're accessing the development server over HTTPS, but it only supports HTTP.
[15/Jan/2018 17:47:55] code 400, message Bad request syntax ("\x16\x03\x01\x00\xec\x01\x00\x00\xe8\x03\x03\xdc\xc6\x86\xedI(]\x07\x7f\x13\xc2\xab\xbb\x82t\x05\x08E\x15\xa4C\xfa\xae\xd7T'\x97\xec\xb2T\x17\x19\x00\x00.\xc0,\xc0+\xc0$\xc0#\xc0")
You're accessing the development server over HTTPS, but it only supports HTTP.
[15/Jan/2018 17:47:55] code 400, message Bad request version ('\xc0')
You're accessing the development server over HTTPS, but it only supports HTTP.
[15/Jan/2018 17:48:14] "GET / HTTP/1.1" 200 8015
[15/Jan/2018 17:48:14] "GET /static/css/sumbrary.css HTTP/1.1" 200 2760
[15/Jan/2018 17:48:14] "GET /static/vendor/bootstrap/css/bootstrap.min.css HTTP/1.1" 200 127349
[15/Jan/2018 17:48:14] "GET /static/vendor/js/js.js HTTP/1.1" 200 749
[15/Jan/2018 17:48:14] "GET /static/media/universities.png HTTP/1.1" 200 11540
[15/Jan/2018 17:48:14] "GET /vendor/bootstrap/js/bootstrap.bundle.min.js HTTP/1.1" 404 5072
[15/Jan/2018 17:48:14] "GET /vendor/jquery/jquery.min.js HTTP/1.1" 404 5024
[15/Jan/2018 17:48:14] "GET /static/media/subjects.png HTTP/1.1" 200 11394
[15/Jan/2018 17:48:14] "GET /static/media/books.png HTTP/1.1" 200 11558
[15/Jan/2018 17:48:15] "GET /static/media/background.png HTTP/1.1" 200 35109
[15/Jan/2018 17:48:15] "GET /css/searchicon.png HTTP/1.1" 404 4997
[15/Jan/2018 17:48:29] "GET / HTTP/1.1" 200 8015
[15/Jan/2018 17:48:29] "GET /vendor/jquery/jquery.min.js HTTP/1.1" 404 5024
[15/Jan/2018 17:48:29] "GET /vendor/jquery/jquery.min.js HTTP/1.1" 404 5024
[15/Jan/2018 17:48:29] "GET /vendor/bootstrap/js/bootstrap.bundle.min.js HTTP/1.1" 404 5072
[15/Jan/2018 17:48:29] "GET /css/searchicon.png HTTP/1.1" 404 4997
[15/Jan/2018 17:48:31] "GET / HTTP/1.1" 200 8015
[15/Jan/2018 17:48:31] "GET /vendor/jquery/jquery.min.js HTTP/1.1" 404 5024
[15/Jan/2018 17:48:32] "GET /vendor/bootstrap/js/bootstrap.bundle.min.js HTTP/1.1" 404 5072
[15/Jan/2018 17:48:32] "GET /css/searchicon.png HTTP/1.1" 404 4997
[15/Jan/2018 17:48:32] "GET /vendor/jquery/jquery.min.js HTTP/1.1" 404 5024
[15/Jan/2018 17:48:32] "GET /vendor/bootstrap/js/bootstrap.bundle.min.js HTTP/1.1" 404 5072
[15/Jan/2018 17:48:42] "GET / HTTP/1.1" 200 8015
[15/Jan/2018 17:48:42] "GET /vendor/jquery/jquery.min.js HTTP/1.1" 404 5024
[15/Jan/2018 17:48:42] "GET /vendor/bootstrap/js/bootstrap.bundle.min.js HTTP/1.1" 404 5072
[15/Jan/2018 17:48:42] "GET /css/searchicon.png HTTP/1.1" 404 4997
[15/Jan/2018 17:49:25] "GET / HTTP/1.1" 200 8015
[15/Jan/2018 17:49:25] "GET /static/css/sumbrary.css HTTP/1.1" 200 2601
[15/Jan/2018 17:49:25] "GET /vendor/jquery/jquery.min.js HTTP/1.1" 404 5024
[15/Jan/2018 17:49:25] "GET /css/searchicon.png HTTP/1.1" 404 4997
[15/Jan/2018 17:49:25] "GET /vendor/bootstrap/js/bootstrap.bundle.min.js HTTP/1.1" 404 5072
[15/Jan/2018 17:49:25] "GET /vendor/jquery/jquery.min.js HTTP/1.1" 404 5024
[15/Jan/2018 17:49:25] "GET /vendor/bootstrap/js/bootstrap.bundle.min.js HTTP/1.1" 404 5072
[15/Jan/2018 17:49:29] "GET / HTTP/1.1" 200 8015
[15/Jan/2018 17:49:29] "GET /static/css/sumbrary.css HTTP/1.1" 304 0
[15/Jan/2018 17:49:29] "GET /vendor/jquery/jquery.min.js HTTP/1.1" 404 5024
[15/Jan/2018 17:49:29] "GET /vendor/bootstrap/js/bootstrap.bundle.min.js HTTP/1.1" 404 5072
[15/Jan/2018 17:49:29] "GET /vendor/jquery/jquery.min.js HTTP/1.1" 404 5024
[15/Jan/2018 17:49:29] "GET /css/searchicon.png HTTP/1.1" 404 4997
[15/Jan/2018 17:49:29] "GET /vendor/bootstrap/js/bootstrap.bundle.min.js HTTP/1.1" 404 5072
[15/Jan/2018 17:49:57] "GET / HTTP/1.1" 200 8015
[15/Jan/2018 17:49:57] "GET /static/css/sumbrary.css HTTP/1.1" 304 0
[15/Jan/2018 17:49:57] "GET /vendor/jquery/jquery.min.js HTTP/1.1" 404 5024
[15/Jan/2018 17:49:57] "GET /vendor/jquery/jquery.min.js HTTP/1.1" 404 5024
[15/Jan/2018 17:49:57] "GET /vendor/bootstrap/js/bootstrap.bundle.min.js HTTP/1.1" 404 5072
[15/Jan/2018 17:49:57] "GET /css/searchicon.png HTTP/1.1" 404 4997
[15/Jan/2018 17:49:58] "GET / HTTP/1.1" 200 8015
[15/Jan/2018 17:49:58] "GET /vendor/jquery/jquery.min.js HTTP/1.1" 404 5024
[15/Jan/2018 17:49:58] "GET /vendor/bootstrap/js/bootstrap.bundle.min.js HTTP/1.1" 404 5072
[15/Jan/2018 17:49:58] "GET /css/searchicon.png HTTP/1.1" 404 4997
[15/Jan/2018 17:50:32] "GET / HTTP/1.1" 200 8044
[15/Jan/2018 17:50:32] "GET /static/css/sumbrary.css HTTP/1.1" 304 0
[15/Jan/2018 17:50:32] "GET /vendor/jquery/jquery.min.js HTTP/1.1" 404 5024
[15/Jan/2018 17:50:32] "GET /vendor/jquery/jquery.min.js HTTP/1.1" 404 5024
[15/Jan/2018 17:50:32] "GET /vendor/bootstrap/js/bootstrap.bundle.min.js HTTP/1.1" 404 5072
[15/Jan/2018 17:50:33] "GET /css/searchicon.png HTTP/1.1" 404 4997
[15/Jan/2018 17:50:45] "GET / HTTP/1.1" 200 8044
[15/Jan/2018 17:50:45] "GET /static/css/sumbrary.css HTTP/1.1" 304 0
[15/Jan/2018 17:50:45] "GET /vendor/jquery/jquery.min.js HTTP/1.1" 404 5024
[15/Jan/2018 17:50:45] "GET /vendor/bootstrap/js/bootstrap.bundle.min.js HTTP/1.1" 404 5072
[15/Jan/2018 17:50:45] "GET /css/searchicon.png HTTP/1.1" 404 4997
[15/Jan/2018 17:50:52] "GET / HTTP/1.1" 200 8044
[15/Jan/2018 17:50:52] "GET /vendor/jquery/jquery.min.js HTTP/1.1" 404 5024
[15/Jan/2018 17:50:52] "GET /vendor/bootstrap/js/bootstrap.bundle.min.js HTTP/1.1" 404 5072
[15/Jan/2018 17:50:52] "GET /css/searchicon.png HTTP/1.1" 404 4997
[15/Jan/2018 17:50:52] "GET /vendor/bootstrap/js/bootstrap.bundle.min.js HTTP/1.1" 404 5072
[15/Jan/2018 17:50:54] "GET /login/ HTTP/1.1" 200 5928
[15/Jan/2018 17:50:54] "GET /login/vendor/jquery/jquery.min.js HTTP/1.1" 404 5042
[15/Jan/2018 17:50:54] "GET /login/vendor/bootstrap/js/bootstrap.bundle.min.js HTTP/1.1" 404 5090
[15/Jan/2018 17:50:56] "GET /signup/ HTTP/1.1" 200 5885
[15/Jan/2018 17:50:56] "GET /static/css/sumbrary.css HTTP/1.1" 304 0
[15/Jan/2018 17:50:56] "GET /signup/vendor/jquery/jquery.min.js HTTP/1.1" 404 5045
[15/Jan/2018 17:50:56] "GET /signup/vendor/bootstrap/js/bootstrap.bundle.min.js HTTP/1.1" 404 5093
[15/Jan/2018 17:51:00] "GET /login/ HTTP/1.1" 200 5928
[15/Jan/2018 17:51:00] "GET /login/vendor/jquery/jquery.min.js HTTP/1.1" 404 5042
[15/Jan/2018 17:51:00] "GET /login/vendor/jquery/jquery.min.js HTTP/1.1" 404 5042
[15/Jan/2018 17:51:00] "GET /login/vendor/bootstrap/js/bootstrap.bundle.min.js HTTP/1.1" 404 5090
[15/Jan/2018 17:51:00] "POST /login/ HTTP/1.1" 302 0
[15/Jan/2018 17:51:01] "GET /user/ HTTP/1.1" 200 5649
[15/Jan/2018 17:51:01] "GET /user/vendor/jquery/jquery.min.js HTTP/1.1" 200 5649
[15/Jan/2018 17:51:01] "GET /user/vendor/bootstrap/js/bootstrap.bundle.min.js HTTP/1.1" 200 5649
[15/Jan/2018 17:51:02] "GET /logout/ HTTP/1.1" 200 5813
[15/Jan/2018 17:51:02] "GET /logout/vendor/jquery/jquery.min.js HTTP/1.1" 404 5045
[15/Jan/2018 17:51:02] "GET /logout/vendor/bootstrap/js/bootstrap.bundle.min.js HTTP/1.1" 404 5093
[15/Jan/2018 17:51:02] "GET /logout/vendor/jquery/jquery.min.js HTTP/1.1" 404 5045
[15/Jan/2018 17:51:02] "GET /css/searchicon.png HTTP/1.1" 404 4997
[15/Jan/2018 17:51:02] "GET /logout/vendor/bootstrap/js/bootstrap.bundle.min.js HTTP/1.1" 404 5093
[15/Jan/2018 17:51:03] "GET /login/ HTTP/1.1" 200 5928
[15/Jan/2018 17:51:03] "GET /login/vendor/jquery/jquery.min.js HTTP/1.1" 404 5042
[15/Jan/2018 17:51:03] "GET /login/vendor/bootstrap/js/bootstrap.bundle.min.js HTTP/1.1" 404 5090
[15/Jan/2018 17:51:06] "POST /login/ HTTP/1.1" 302 0
[15/Jan/2018 17:51:06] "GET /user/ HTTP/1.1" 200 6011
[15/Jan/2018 17:51:06] "GET /static/css/sumbrary.css HTTP/1.1" 304 0
[15/Jan/2018 17:51:06] "GET /user/vendor/jquery/jquery.min.js HTTP/1.1" 200 6011
[15/Jan/2018 17:51:06] "GET /user/vendor/bootstrap/js/bootstrap.bundle.min.js HTTP/1.1" 200 6011
[15/Jan/2018 17:51:08] "GET /summary/9/ HTTP/1.1" 200 6744
[15/Jan/2018 17:51:46] "GET / HTTP/1.1" 200 8044
[15/Jan/2018 17:51:47] "GET /vendor/jquery/jquery.min.js HTTP/1.1" 404 5024
[15/Jan/2018 17:51:47] "GET /vendor/bootstrap/js/bootstrap.bundle.min.js HTTP/1.1" 404 5072
[15/Jan/2018 17:51:47] "GET /css/searchicon.png HTTP/1.1" 404 4997
[15/Jan/2018 17:51:49] "GET / HTTP/1.1" 200 8044
[15/Jan/2018 17:51:49] "GET /vendor/jquery/jquery.min.js HTTP/1.1" 404 5024
[15/Jan/2018 17:51:49] "GET /vendor/bootstrap/js/bootstrap.bundle.min.js HTTP/1.1" 404 5072
[15/Jan/2018 17:51:49] "GET /css/searchicon.png HTTP/1.1" 404 4997
[15/Jan/2018 17:52:06] "GET / HTTP/1.1" 200 8033
[15/Jan/2018 17:52:06] "GET /vendor/jquery/jquery.min.js HTTP/1.1" 404 5024
[15/Jan/2018 17:52:06] "GET /vendor/bootstrap/js/bootstrap.bundle.min.js HTTP/1.1" 404 5072
[15/Jan/2018 17:52:06] "GET /css/searchicon.png HTTP/1.1" 404 4997
[15/Jan/2018 17:52:17] "GET /university/4/ HTTP/1.1" 200 5500
[15/Jan/2018 17:52:17] "GET /university/3/ HTTP/1.1" 200 8200
[15/Jan/2018 17:52:17] "GET /static/media/summary.png HTTP/1.1" 200 20426
[15/Jan/2018 17:52:17] "GET /university/3/vendor/bootstrap/js/bootstrap.bundle.min.js HTTP/1.1" 404 5111
[15/Jan/2018 17:52:17] "GET /university/3/vendor/jquery/jquery.min.js HTTP/1.1" 404 5063
[15/Jan/2018 17:52:25] "GET /university/2/ HTTP/1.1" 200 5490
[15/Jan/2018 17:52:25] "GET /university/2/vendor/bootstrap/js/bootstrap.bundle.min.js HTTP/1.1" 404 5111
[15/Jan/2018 17:52:25] "GET /university/2/vendor/jquery/jquery.min.js HTTP/1.1" 404 5063
[15/Jan/2018 17:52:31] "GET /university/2/ HTTP/1.1" 200 5490
[15/Jan/2018 17:52:31] "GET /university/2/vendor/bootstrap/js/bootstrap.bundle.min.js HTTP/1.1" 404 5111
[15/Jan/2018 17:52:31] "GET /university/2/vendor/jquery/jquery.min.js HTTP/1.1" 404 5063
[15/Jan/2018 17:52:57] "GET / HTTP/1.1" 200 8058
[15/Jan/2018 17:52:57] "GET /vendor/jquery/jquery.min.js HTTP/1.1" 404 5024
[15/Jan/2018 17:52:57] "GET /vendor/bootstrap/js/bootstrap.bundle.min.js HTTP/1.1" 404 5072
[15/Jan/2018 17:52:57] "GET /css/searchicon.png HTTP/1.1" 404 4997
[15/Jan/2018 17:54:09] "GET /css/searchicon.png HTTP/1.1" 404 4997
[15/Jan/2018 17:54:12] "GET / HTTP/1.1" 200 8058
[15/Jan/2018 17:54:12] "GET /vendor/jquery/jquery.min.js HTTP/1.1" 404 5024
[15/Jan/2018 17:54:12] "GET /css/searchicon.png HTTP/1.1" 404 4997
[15/Jan/2018 17:54:12] "GET /vendor/bootstrap/js/bootstrap.bundle.min.js HTTP/1.1" 404 5072
[15/Jan/2018 17:54:28] "GET / HTTP/1.1" 200 8058
[15/Jan/2018 17:54:30] "GET /vendor/bootstrap/js/bootstrap.bundle.min.js HTTP/1.1" 404 5072
[15/Jan/2018 17:54:30] "GET /vendor/jquery/jquery.min.js HTTP/1.1" 404 5024
[15/Jan/2018 17:54:30] "GET /css/searchicon.png HTTP/1.1" 404 4997
[15/Jan/2018 17:54:30] "GET / HTTP/1.1" 200 8058
[15/Jan/2018 17:54:30] "GET /static/css/sumbrary.css HTTP/1.1" 200 2601
[15/Jan/2018 17:54:30] "GET /static/vendor/js/js.js HTTP/1.1" 200 749
[15/Jan/2018 17:54:30] "GET /static/vendor/bootstrap/css/bootstrap.min.css HTTP/1.1" 200 127349
[15/Jan/2018 17:54:30] "GET /vendor/jquery/jquery.min.js HTTP/1.1" 404 5024
[15/Jan/2018 17:54:30] "GET /vendor/bootstrap/js/bootstrap.bundle.min.js HTTP/1.1" 404 5072
[15/Jan/2018 17:54:30] "GET /static/media/universities.png HTTP/1.1" 200 11540
[15/Jan/2018 17:54:31] "GET /static/media/subjects.png HTTP/1.1" 200 11394
[15/Jan/2018 17:54:31] "GET /static/media/books.png HTTP/1.1" 200 11558
[15/Jan/2018 17:54:31] "GET /static/media/background.png HTTP/1.1" 200 35109
[15/Jan/2018 17:54:32] "GET /vendor/jquery/jquery.min.js HTTP/1.1" 404 5024
[15/Jan/2018 17:54:32] "GET / HTTP/1.1" 200 8058
[15/Jan/2018 17:54:32] "GET /css/searchicon.png HTTP/1.1" 404 4997
[15/Jan/2018 17:54:32] "GET /vendor/bootstrap/js/bootstrap.bundle.min.js HTTP/1.1" 404 5072
[15/Jan/2018 17:54:32] "GET /static/css/sumbrary.css HTTP/1.1" 200 2601
[15/Jan/2018 17:54:32] "GET /vendor/jquery/jquery.min.js HTTP/1.1" 404 5024
[15/Jan/2018 17:54:32] "GET /vendor/bootstrap/js/bootstrap.bundle.min.js HTTP/1.1" 404 5072
[15/Jan/2018 17:54:32] "GET /vendor/jquery/jquery.min.js HTTP/1.1" 404 5024
[15/Jan/2018 17:54:32] "GET /css/searchicon.png HTTP/1.1" 404 4997
[15/Jan/2018 17:54:32] "GET /vendor/bootstrap/js/bootstrap.bundle.min.js HTTP/1.1" 404 5072
[15/Jan/2018 17:54:48] "GET /Contact.html HTTP/1.1" 404 4979
[15/Jan/2018 17:54:54] "GET / HTTP/1.1" 200 8058
[15/Jan/2018 17:54:54] "GET /static/css/sumbrary.css HTTP/1.1" 200 2601
[15/Jan/2018 17:54:55] "GET /vendor/jquery/jquery.min.js HTTP/1.1" 404 5024
[15/Jan/2018 17:54:55] "GET /vendor/bootstrap/js/bootstrap.bundle.min.js HTTP/1.1" 404 5072
[15/Jan/2018 17:54:55] "GET /css/searchicon.png HTTP/1.1" 404 4997
[15/Jan/2018 17:54:55] "GET /Contact.html HTTP/1.1" 404 4979
[15/Jan/2018 17:55:01] "GET /allSubj/ HTTP/1.1" 200 6666
[15/Jan/2018 17:55:01] "GET /allSubj/vendor/jquery/jquery.min.js HTTP/1.1" 404 5048
[15/Jan/2018 17:55:01] "GET /allSubj/vendor/bootstrap/js/bootstrap.bundle.min.js HTTP/1.1" 404 5096
[15/Jan/2018 17:55:13] "GET / HTTP/1.1" 200 8058
[15/Jan/2018 17:55:13] "GET /vendor/jquery/jquery.min.js HTTP/1.1" 404 5024
[15/Jan/2018 17:55:13] "GET /vendor/bootstrap/js/bootstrap.bundle.min.js HTTP/1.1" 404 5072
[15/Jan/2018 17:55:13] "GET /css/searchicon.png HTTP/1.1" 404 4997
[15/Jan/2018 17:56:03] "GET /login/ HTTP/1.1" 200 5942
[15/Jan/2018 17:56:03] "GET /static/css/sumbrary.css HTTP/1.1" 304 0
[15/Jan/2018 17:56:04] "GET /login/vendor/jquery/jquery.min.js HTTP/1.1" 404 5042
[15/Jan/2018 17:56:04] "GET /login/vendor/bootstrap/js/bootstrap.bundle.min.js HTTP/1.1" 404 5090
[15/Jan/2018 17:56:07] "POST /login/ HTTP/1.1" 302 0
[15/Jan/2018 17:56:07] "GET /user/ HTTP/1.1" 200 6025
[15/Jan/2018 17:56:07] "GET /user/vendor/jquery/jquery.min.js HTTP/1.1" 200 6025
[15/Jan/2018 17:56:07] "GET /user/vendor/bootstrap/js/bootstrap.bundle.min.js HTTP/1.1" 200 6025
[15/Jan/2018 17:56:11] "GET /summary/9/ HTTP/1.1" 200 6744
[15/Jan/2018 17:56:11] "GET /static/css/sumbrary.css HTTP/1.1" 304 0
[15/Jan/2018 17:56:23] "GET /allUnis/ HTTP/1.1" 200 6653
[15/Jan/2018 17:56:24] "GET /allUnis/vendor/jquery/jquery.min.js HTTP/1.1" 404 5048
[15/Jan/2018 17:56:24] "GET /allUnis/vendor/bootstrap/js/bootstrap.bundle.min.js HTTP/1.1" 404 5096
[15/Jan/2018 19:58:05] "GET / HTTP/1.1" 200 8058
[15/Jan/2018 19:58:05] "GET /static/css/sumbrary.css HTTP/1.1" 200 2601
[15/Jan/2018 19:58:05] "GET /static/vendor/bootstrap/css/bootstrap.min.css HTTP/1.1" 304 0
[15/Jan/2018 19:58:05] "GET /static/vendor/js/js.js HTTP/1.1" 304 0
[15/Jan/2018 19:58:06] "GET /static/media/universities.png HTTP/1.1" 304 0
[15/Jan/2018 19:58:06] "GET /static/media/subjects.png HTTP/1.1" 304 0
[15/Jan/2018 19:58:06] "GET /vendor/jquery/jquery.min.js HTTP/1.1" 404 5024
[15/Jan/2018 19:58:07] "GET /static/media/books.png HTTP/1.1" 304 0
[15/Jan/2018 19:58:07] "GET /vendor/bootstrap/js/bootstrap.bundle.min.js HTTP/1.1" 404 5072
[15/Jan/2018 19:58:07] "GET /static/media/background.png HTTP/1.1" 304 0
[15/Jan/2018 19:58:07] "GET /css/searchicon.png HTTP/1.1" 404 4997
[15/Jan/2018 19:58:09] "GET / HTTP/1.1" 200 8058
[15/Jan/2018 19:58:09] "GET /vendor/jquery/jquery.min.js HTTP/1.1" 404 5024
[15/Jan/2018 19:58:09] "GET /vendor/bootstrap/js/bootstrap.bundle.min.js HTTP/1.1" 404 5072
[15/Jan/2018 19:58:09] "GET /css/searchicon.png HTTP/1.1" 404 4997
[15/Jan/2018 19:58:09] "GET / HTTP/1.1" 200 8058
[15/Jan/2018 19:58:10] "GET /vendor/jquery/jquery.min.js HTTP/1.1" 404 5024
[15/Jan/2018 19:58:10] "GET /css/searchicon.png HTTP/1.1" 404 4997
[15/Jan/2018 19:58:10] "GET /vendor/bootstrap/js/bootstrap.bundle.min.js HTTP/1.1" 404 5072
[15/Jan/2018 19:58:12] "GET /allUnis/ HTTP/1.1" 200 6653
[15/Jan/2018 19:58:12] "GET /allUnis/vendor/bootstrap/js/bootstrap.bundle.min.js HTTP/1.1" 404 5096
[15/Jan/2018 19:58:12] "GET /allUnis/vendor/jquery/jquery.min.js HTTP/1.1" 404 5048
[15/Jan/2018 19:58:12] "GET /allUnis/vendor/bootstrap/js/bootstrap.bundle.min.js HTTP/1.1" 404 5096
[15/Jan/2018 19:58:13] "GET /allBooks/ HTTP/1.1" 200 6681
[15/Jan/2018 19:58:13] "GET /allBooks/vendor/jquery/jquery.min.js HTTP/1.1" 404 5051
[15/Jan/2018 19:58:13] "GET /allBooks/vendor/bootstrap/js/bootstrap.bundle.min.js HTTP/1.1" 404 5099
[15/Jan/2018 19:58:15] "GET /allSubj/ HTTP/1.1" 200 6666
[15/Jan/2018 19:58:15] "GET /allSubj/vendor/jquery/jquery.min.js HTTP/1.1" 404 5048
[15/Jan/2018 19:58:15] "GET /allSubj/vendor/bootstrap/js/bootstrap.bundle.min.js HTTP/1.1" 404 5096
[15/Jan/2018 19:58:15] "GET /allUnis/ HTTP/1.1" 200 6653
[15/Jan/2018 19:58:15] "GET /allUnis/vendor/jquery/jquery.min.js HTTP/1.1" 404 5048
[15/Jan/2018 19:58:15] "GET /allUnis/vendor/bootstrap/js/bootstrap.bundle.min.js HTTP/1.1" 404 5096
[15/Jan/2018 19:58:17] "GET / HTTP/1.1" 200 8058
[15/Jan/2018 19:58:17] "GET /vendor/jquery/jquery.min.js HTTP/1.1" 404 5024
[15/Jan/2018 19:58:17] "GET /vendor/bootstrap/js/bootstrap.bundle.min.js HTTP/1.1" 404 5072
[15/Jan/2018 19:58:17] "GET /css/searchicon.png HTTP/1.1" 404 4997
[15/Jan/2018 20:14:35] "GET / HTTP/1.1" 200 8058
[15/Jan/2018 20:14:35] "GET /static/css/sumbrary.css HTTP/1.1" 304 0
[15/Jan/2018 20:14:35] "GET /static/vendor/bootstrap/css/bootstrap.min.css HTTP/1.1" 304 0
[15/Jan/2018 20:14:35] "GET /static/vendor/js/js.js HTTP/1.1" 304 0
[15/Jan/2018 20:14:35] "GET /vendor/jquery/jquery.min.js HTTP/1.1" 404 5024
[15/Jan/2018 20:14:35] "GET /vendor/bootstrap/js/bootstrap.bundle.min.js HTTP/1.1" 404 5072
[15/Jan/2018 20:14:35] "GET /static/media/universities.png HTTP/1.1" 304 0
[15/Jan/2018 20:14:35] "GET /static/media/subjects.png HTTP/1.1" 304 0
[15/Jan/2018 20:14:35] "GET /static/media/books.png HTTP/1.1" 304 0
[15/Jan/2018 20:14:35] "GET /static/media/background.png HTTP/1.1" 304 0
[15/Jan/2018 20:14:35] "GET /css/searchicon.png HTTP/1.1" 404 4997
[15/Jan/2018 20:14:36] "GET /favicon.ico HTTP/1.1" 404 4976
[15/Jan/2018 20:18:06] "GET / HTTP/1.1" 200 8058
[15/Jan/2018 20:18:06] "GET / HTTP/1.1" 200 8058
[15/Jan/2018 20:18:06] "GET /static/css/sumbrary.css HTTP/1.1" 200 2601
[15/Jan/2018 20:18:06] "GET /favicon.ico HTTP/1.1" 404 4976
[15/Jan/2018 20:18:06] "GET /static/media/subjects.png HTTP/1.1" 200 11394
[15/Jan/2018 20:18:06] "GET /static/media/books.png HTTP/1.1" 200 11558
[15/Jan/2018 20:18:06] "GET /vendor/bootstrap/js/bootstrap.bundle.min.js HTTP/1.1" 404 5072
[15/Jan/2018 20:18:06] "GET /static/media/universities.png HTTP/1.1" 200 11540
[15/Jan/2018 20:18:06] "GET /static/vendor/js/js.js HTTP/1.1" 200 749
[15/Jan/2018 20:18:06] "GET /static/vendor/bootstrap/css/bootstrap.min.css HTTP/1.1" 200 127349
[15/Jan/2018 20:18:06] "GET /vendor/jquery/jquery.min.js HTTP/1.1" 404 5024
[15/Jan/2018 20:18:06] "GET /static/media/background.png HTTP/1.1" 200 35109
[15/Jan/2018 20:18:06] "GET /css/searchicon.png HTTP/1.1" 404 4997
[15/Jan/2018 21:00:27] "GET / HTTP/1.1" 200 8058
[15/Jan/2018 21:00:27] "GET /static/css/sumbrary.css HTTP/1.1" 200 2601
[15/Jan/2018 21:00:27] "GET /static/vendor/js/js.js HTTP/1.1" 304 0
[15/Jan/2018 21:00:27] "GET /vendor/bootstrap/js/bootstrap.bundle.min.js HTTP/1.1" 404 5072
[15/Jan/2018 21:00:27] "GET /vendor/jquery/jquery.min.js HTTP/1.1" 404 5024
[15/Jan/2018 21:00:27] "GET /static/vendor/bootstrap/css/bootstrap.min.css HTTP/1.1" 304 0
[15/Jan/2018 21:00:27] "GET /static/media/universities.png HTTP/1.1" 304 0
[15/Jan/2018 21:00:27] "GET /static/media/subjects.png HTTP/1.1" 304 0
[15/Jan/2018 21:00:27] "GET /static/media/books.png HTTP/1.1" 304 0
[15/Jan/2018 21:00:27] "GET /static/media/background.png HTTP/1.1" 304 0
[15/Jan/2018 21:00:27] "GET /css/searchicon.png HTTP/1.1" 404 4997
[15/Jan/2018 21:01:01] "GET /allUnis/ HTTP/1.1" 200 6653
[15/Jan/2018 21:01:03] "GET /allUnis/vendor/jquery/jquery.min.js HTTP/1.1" 404 5048
[15/Jan/2018 21:01:03] "GET /allUnis/vendor/bootstrap/js/bootstrap.bundle.min.js HTTP/1.1" 404 5096
[15/Jan/2018 21:01:07] "GET / HTTP/1.1" 200 8058
[15/Jan/2018 21:01:08] "GET /css/searchicon.png HTTP/1.1" 404 4997
[15/Jan/2018 21:01:08] "GET /vendor/jquery/jquery.min.js HTTP/1.1" 404 5024
[15/Jan/2018 21:01:08] "GET /vendor/bootstrap/js/bootstrap.bundle.min.js HTTP/1.1" 404 5072
[15/Jan/2018 21:04:29] "GET /book/1/ HTTP/1.1" 200 5478
[15/Jan/2018 21:04:29] "GET /static/media/bookicon.png HTTP/1.1" 200 15425
[15/Jan/2018 21:04:29] "GET /book/1/vendor/bootstrap/js/bootstrap.bundle.min.js HTTP/1.1" 404 5093
[15/Jan/2018 21:04:30] "GET /book/1/vendor/jquery/jquery.min.js HTTP/1.1" 404 5045
[15/Jan/2018 21:42:48] "GET /static/css/sumbrary.css HTTP/1.1" 200 2601
[15/Jan/2018 21:42:48] "GET /static/media/subjects.png HTTP/1.1" 304 0
[15/Jan/2018 21:42:48] "GET /static/media/universities.png HTTP/1.1" 304 0
[15/Jan/2018 21:42:48] "GET /static/media/books.png HTTP/1.1" 304 0
[15/Jan/2018 21:42:48] "GET /static/vendor/js/js.js HTTP/1.1" 304 0
[15/Jan/2018 21:42:48] "GET /static/vendor/bootstrap/css/bootstrap.min.css HTTP/1.1" 304 0
[15/Jan/2018 21:42:49] "GET /vendor/jquery/jquery.min.js HTTP/1.1" 404 5024
[15/Jan/2018 21:42:49] "GET /static/media/background.png HTTP/1.1" 304 0
[15/Jan/2018 21:42:49] "GET /vendor/bootstrap/js/bootstrap.bundle.min.js HTTP/1.1" 404 5072
[15/Jan/2018 21:42:49] "GET /css/searchicon.png HTTP/1.1" 404 4997
[16/Jan/2018 08:31:27] "GET / HTTP/1.1" 200 8058
[16/Jan/2018 08:31:28] "GET /static/vendor/bootstrap/css/bootstrap.min.css HTTP/1.1" 200 127349
[16/Jan/2018 08:31:29] "GET /static/css/sumbrary.css HTTP/1.1" 200 2601
[16/Jan/2018 08:31:29] "GET /static/vendor/js/js.js HTTP/1.1" 200 749
[16/Jan/2018 08:31:29] "GET /vendor/jquery/jquery.min.js HTTP/1.1" 404 5024
[16/Jan/2018 08:31:29] "GET /static/media/universities.png HTTP/1.1" 200 11540
[16/Jan/2018 08:31:29] "GET /static/media/subjects.png HTTP/1.1" 200 11394
[16/Jan/2018 08:31:29] "GET /static/media/books.png HTTP/1.1" 200 11558
[16/Jan/2018 08:31:29] "GET /vendor/bootstrap/js/bootstrap.bundle.min.js HTTP/1.1" 404 5072
[16/Jan/2018 08:31:29] "GET /static/media/background.png HTTP/1.1" 200 35109
[16/Jan/2018 08:31:29] "GET /css/searchicon.png HTTP/1.1" 404 4997
[16/Jan/2018 08:31:31] "GET /favicon.ico HTTP/1.1" 404 4976
[16/Jan/2018 08:31:46] "GET /allUnis/ HTTP/1.1" 200 6653
[16/Jan/2018 08:31:46] "GET /allUnis/vendor/jquery/jquery.min.js HTTP/1.1" 404 5048
[16/Jan/2018 08:31:46] "GET /allUnis/vendor/jquery/jquery.min.js HTTP/1.1" 404 5048
[16/Jan/2018 08:31:46] "GET /allUnis/vendor/bootstrap/js/bootstrap.bundle.min.js HTTP/1.1" 404 5096
[16/Jan/2018 08:31:56] "GET /university/4 HTTP/1.1" 301 0
[16/Jan/2018 08:31:56] "GET /university/4/ HTTP/1.1" 200 5525
[16/Jan/2018 08:31:56] "GET /university/4/vendor/bootstrap/js/bootstrap.bundle.min.js HTTP/1.1" 404 5111
[16/Jan/2018 08:31:56] "GET /university/4/vendor/jquery/jquery.min.js HTTP/1.1" 404 5063
[16/Jan/2018 08:31:56] "GET /university/4/vendor/bootstrap/js/bootstrap.bundle.min.js HTTP/1.1" 404 5111
[16/Jan/2018 08:32:05] "GET /allBooks/ HTTP/1.1" 200 6681
[16/Jan/2018 08:32:05] "GET /allBooks/vendor/jquery/jquery.min.js HTTP/1.1" 404 5051
[16/Jan/2018 08:32:05] "GET /allBooks/vendor/bootstrap/js/bootstrap.bundle.min.js HTTP/1.1" 404 5099
[16/Jan/2018 08:32:12] "GET /allSubj/ HTTP/1.1" 200 6666
[16/Jan/2018 08:32:12] "GET /allSubj/vendor/jquery/jquery.min.js HTTP/1.1" 404 5048
[16/Jan/2018 08:32:12] "GET /allSubj/vendor/bootstrap/js/bootstrap.bundle.min.js HTTP/1.1" 404 5096
[16/Jan/2018 08:32:15] "GET /allBooks/vendor/jquery/jquery.min.js HTTP/1.1" 404 5051
[16/Jan/2018 08:32:15] "GET /allBooks/vendor/bootstrap/js/bootstrap.bundle.min.js HTTP/1.1" 404 5099
[16/Jan/2018 08:32:36] "GET / HTTP/1.1" 200 8058
[16/Jan/2018 08:32:36] "GET /vendor/jquery/jquery.min.js HTTP/1.1" 404 5024
[16/Jan/2018 08:32:36] "GET /vendor/bootstrap/js/bootstrap.bundle.min.js HTTP/1.1" 404 5072
[16/Jan/2018 08:32:36] "GET /css/searchicon.png HTTP/1.1" 404 4997
[16/Jan/2018 11:24:19] "GET / HTTP/1.1" 200 8058
[16/Jan/2018 11:24:19] "GET /static/css/sumbrary.css HTTP/1.1" 304 0
[16/Jan/2018 11:24:19] "GET /static/vendor/js/js.js HTTP/1.1" 304 0
[16/Jan/2018 11:24:19] "GET /static/media/universities.png HTTP/1.1" 304 0
[16/Jan/2018 11:24:19] "GET /vendor/jquery/jquery.min.js HTTP/1.1" 404 5024
[16/Jan/2018 11:24:19] "GET /static/vendor/bootstrap/css/bootstrap.min.css HTTP/1.1" 304 0
[16/Jan/2018 11:24:19] "GET /vendor/bootstrap/js/bootstrap.bundle.min.js HTTP/1.1" 404 5072
[16/Jan/2018 11:24:19] "GET /static/media/subjects.png HTTP/1.1" 304 0
[16/Jan/2018 11:24:19] "GET /static/media/books.png HTTP/1.1" 304 0
[16/Jan/2018 11:24:19] "GET /static/media/background.png HTTP/1.1" 304 0
[16/Jan/2018 11:24:20] "GET /css/searchicon.png HTTP/1.1" 404 4997
[16/Jan/2018 11:24:47] "GET /Contact.html HTTP/1.1" 404 4979
[16/Jan/2018 11:24:59] "GET /university/4/ HTTP/1.1" 200 5525
[16/Jan/2018 11:24:59] "GET /university/4/vendor/jquery/jquery.min.js HTTP/1.1" 404 5063
[16/Jan/2018 11:24:59] "GET /university/4/vendor/bootstrap/js/bootstrap.bundle.min.js HTTP/1.1" 404 5111
[16/Jan/2018 11:25:00] "GET /allUnis/ HTTP/1.1" 200 6653
[16/Jan/2018 11:25:00] "GET /allUnis/vendor/jquery/jquery.min.js HTTP/1.1" 404 5048
[16/Jan/2018 11:25:00] "GET /allUnis/vendor/bootstrap/js/bootstrap.bundle.min.js HTTP/1.1" 404 5096
[16/Jan/2018 11:25:03] "GET /university/3 HTTP/1.1" 301 0
[16/Jan/2018 11:25:04] "GET /university/3/ HTTP/1.1" 200 8225
[16/Jan/2018 11:25:04] "GET /static/media/summary.png HTTP/1.1" 304 0
[16/Jan/2018 11:25:04] "GET /university/3/vendor/jquery/jquery.min.js HTTP/1.1" 404 5063
[16/Jan/2018 11:25:04] "GET /university/3/vendor/bootstrap/js/bootstrap.bundle.min.js HTTP/1.1" 404 5111
[16/Jan/2018 11:25:08] "GET /summary/2/ HTTP/1.1" 200 6771
[16/Jan/2018 11:25:08] "GET /static/vendor/bootstrap/js/bootstrap.bundle.min.js HTTP/1.1" 200 69459
[16/Jan/2018 11:25:08] "GET /static/vendor/jquery/jquery.min.js HTTP/1.1" 200 86663
[16/Jan/2018 12:56:02] "GET / HTTP/1.1" 200 8058
[16/Jan/2018 12:56:02] "GET / HTTP/1.1" 200 8058
[16/Jan/2018 12:56:03] "GET /static/css/sumbrary.css HTTP/1.1" 200 2601
[16/Jan/2018 12:56:04] "GET /static/vendor/js/js.js HTTP/1.1" 200 749
[16/Jan/2018 12:56:04] "GET /vendor/jquery/jquery.min.js HTTP/1.1" 404 5024
[16/Jan/2018 12:56:04] "GET /static/vendor/bootstrap/css/bootstrap.min.css HTTP/1.1" 200 127349
[16/Jan/2018 12:56:04] "GET /vendor/bootstrap/js/bootstrap.bundle.min.js HTTP/1.1" 404 5072
[16/Jan/2018 12:56:04] "GET /static/media/subjects.png HTTP/1.1" 200 11394
[16/Jan/2018 12:56:04] "GET /static/media/universities.png HTTP/1.1" 200 11540
[16/Jan/2018 12:56:04] "GET /vendor/jquery/jquery.min.js HTTP/1.1" 404 5024
[16/Jan/2018 12:56:04] "GET /static/media/books.png HTTP/1.1" 200 11558
[16/Jan/2018 12:56:04] "GET /static/media/background.png HTTP/1.1" 200 35109
[16/Jan/2018 12:56:04] "GET /css/searchicon.png HTTP/1.1" 404 4997
[16/Jan/2018 12:56:06] "GET /vendor/bootstrap/js/bootstrap.bundle.min.js HTTP/1.1" 404 5072
[16/Jan/2018 12:56:06] "GET /favicon.ico HTTP/1.1" 404 4976
[16/Jan/2018 12:56:10] "GET /allUnis/ HTTP/1.1" 200 6653
[16/Jan/2018 12:56:10] "GET /allUnis/vendor/jquery/jquery.min.js HTTP/1.1" 404 5048
[16/Jan/2018 12:56:10] "GET /allUnis/vendor/bootstrap/js/bootstrap.bundle.min.js HTTP/1.1" 404 5096
[16/Jan/2018 12:56:20] "GET /university/3 HTTP/1.1" 301 0
[16/Jan/2018 12:56:21] "GET /university/3/ HTTP/1.1" 200 8225
[16/Jan/2018 12:56:21] "GET /university/3/vendor/jquery/jquery.min.js HTTP/1.1" 404 5063
[16/Jan/2018 12:56:21] "GET /static/media/summary.png HTTP/1.1" 200 20426
[16/Jan/2018 12:56:21] "GET /university/3/vendor/bootstrap/js/bootstrap.bundle.min.js HTTP/1.1" 404 5111
[16/Jan/2018 12:56:25] "GET /allBooks/ HTTP/1.1" 200 6681
[16/Jan/2018 12:56:25] "GET /allBooks/vendor/jquery/jquery.min.js HTTP/1.1" 404 5051
[16/Jan/2018 12:56:25] "GET /allBooks/vendor/bootstrap/js/bootstrap.bundle.min.js HTTP/1.1" 404 5099
[16/Jan/2018 12:56:29] "GET /allUnis/ HTTP/1.1" 200 6653
[16/Jan/2018 12:56:30] "GET /allUnis/vendor/jquery/jquery.min.js HTTP/1.1" 404 5048
[16/Jan/2018 12:56:30] "GET /allUnis/vendor/bootstrap/js/bootstrap.bundle.min.js HTTP/1.1" 404 5096
[16/Jan/2018 12:58:02] "GET / HTTP/1.1" 200 8058
[16/Jan/2018 12:58:02] "GET /static/css/sumbrary.css HTTP/1.1" 200 2601
[16/Jan/2018 12:58:02] "GET /static/vendor/js/js.js HTTP/1.1" 200 749
[16/Jan/2018 12:58:02] "GET /static/vendor/bootstrap/css/bootstrap.min.css HTTP/1.1" 200 127349
[16/Jan/2018 12:58:02] "GET /vendor/jquery/jquery.min.js HTTP/1.1" 404 5024
[16/Jan/2018 12:58:02] "GET /vendor/bootstrap/js/bootstrap.bundle.min.js HTTP/1.1" 404 5072
[16/Jan/2018 12:58:02] "GET /static/media/universities.png HTTP/1.1" 200 11540
[16/Jan/2018 12:58:02] "GET /static/media/subjects.png HTTP/1.1" 200 11394
[16/Jan/2018 12:58:02] "GET /static/media/books.png HTTP/1.1" 200 11558
[16/Jan/2018 12:58:02] "GET /static/media/background.png HTTP/1.1" 200 35109
[16/Jan/2018 12:58:02] "GET /css/searchicon.png HTTP/1.1" 404 4997
[16/Jan/2018 12:58:03] "GET /favicon.ico HTTP/1.1" 404 4976
[16/Jan/2018 12:59:09] "GET / HTTP/1.1" 200 8058
[16/Jan/2018 12:59:09] "GET /static/media/universities.png HTTP/1.1" 200 11540
[16/Jan/2018 12:59:09] "GET /static/css/sumbrary.css HTTP/1.1" 200 2601
[16/Jan/2018 12:59:09] "GET /static/vendor/js/js.js HTTP/1.1" 200 749
[16/Jan/2018 12:59:10] "GET /static/vendor/bootstrap/css/bootstrap.min.css HTTP/1.1" 200 127349
[16/Jan/2018 12:59:10] "GET /static/media/subjects.png HTTP/1.1" 200 11394
[16/Jan/2018 12:59:10] "GET /vendor/bootstrap/js/bootstrap.bundle.min.js HTTP/1.1" 404 5072
[16/Jan/2018 12:59:10] "GET /static/media/books.png HTTP/1.1" 200 11558
[16/Jan/2018 12:59:10] "GET /vendor/jquery/jquery.min.js HTTP/1.1" 404 5024
[16/Jan/2018 12:59:11] "GET /static/media/background.png HTTP/1.1" 200 35109
[16/Jan/2018 12:59:11] "GET /css/searchicon.png HTTP/1.1" 404 4997
[16/Jan/2018 13:23:24] "GET / HTTP/1.1" 200 8058
[16/Jan/2018 13:23:24] "GET /favicon.ico HTTP/1.1" 404 4976
[16/Jan/2018 13:49:16] "GET / HTTP/1.1" 200 8058
[16/Jan/2018 13:49:16] "GET /static/css/sumbrary.css HTTP/1.1" 200 2601
[16/Jan/2018 13:49:16] "GET /static/vendor/js/js.js HTTP/1.1" 200 749
[16/Jan/2018 13:49:16] "GET /static/vendor/bootstrap/css/bootstrap.min.css HTTP/1.1" 200 127349
[16/Jan/2018 13:49:16] "GET /vendor/jquery/jquery.min.js HTTP/1.1" 404 5024
[16/Jan/2018 13:49:16] "GET /static/media/universities.png HTTP/1.1" 200 11540
[16/Jan/2018 13:49:16] "GET /static/media/subjects.png HTTP/1.1" 200 11394
[16/Jan/2018 13:49:16] "GET /static/media/books.png HTTP/1.1" 200 11558
[16/Jan/2018 13:49:16] "GET /static/media/background.png HTTP/1.1" 200 35109
[16/Jan/2018 13:49:16] "GET /vendor/bootstrap/js/bootstrap.bundle.min.js HTTP/1.1" 404 5072
[16/Jan/2018 13:49:16] "GET /css/searchicon.png HTTP/1.1" 404 4997
[16/Jan/2018 13:49:16] "GET /favicon.ico HTTP/1.1" 404 4976
[16/Jan/2018 13:49:20] "GET /login/ HTTP/1.1" 200 5942
[16/Jan/2018 13:49:20] "GET /login/vendor/jquery/jquery.min.js HTTP/1.1" 404 5042
[16/Jan/2018 13:49:20] "GET /login/vendor/bootstrap/js/bootstrap.bundle.min.js HTTP/1.1" 404 5090
[16/Jan/2018 13:49:22] "GET /signup/ HTTP/1.1" 200 5899
[16/Jan/2018 13:49:23] "GET /signup/vendor/jquery/jquery.min.js HTTP/1.1" 404 5045
[16/Jan/2018 13:49:23] "GET /signup/vendor/bootstrap/js/bootstrap.bundle.min.js HTTP/1.1" 404 5093
[16/Jan/2018 13:49:25] "POST /signup/ HTTP/1.1" 200 5994
[16/Jan/2018 13:49:25] "GET /signup/vendor/jquery/jquery.min.js HTTP/1.1" 404 5045
[16/Jan/2018 13:49:25] "GET /signup/vendor/bootstrap/js/bootstrap.bundle.min.js HTTP/1.1" 404 5093
[16/Jan/2018 13:49:29] "POST /signup/ HTTP/1.1" 302 0
[16/Jan/2018 13:49:29] "GET /user/ HTTP/1.1" 200 5671
[16/Jan/2018 13:49:29] "GET /user/vendor/jquery/jquery.min.js HTTP/1.1" 200 5671
[16/Jan/2018 13:49:29] "GET /user/vendor/bootstrap/js/bootstrap.bundle.min.js HTTP/1.1" 200 5671
[16/Jan/2018 13:49:33] "GET /user/add_summary/ HTTP/1.1" 200 6369
[16/Jan/2018 13:49:33] "GET /user/add_summary/vendor/jquery/jquery.min.js HTTP/1.1" 200 5671
[16/Jan/2018 13:49:33] "GET /user/add_summary/vendor/bootstrap/js/bootstrap.bundle.min.js HTTP/1.1" 200 5671
[16/Jan/2018 13:50:25] "POST /user/add_summary/ HTTP/1.1" 302 0
[16/Jan/2018 13:50:25] "GET /user/ HTTP/1.1" 200 6032
[16/Jan/2018 13:50:25] "GET /user/vendor/jquery/jquery.min.js HTTP/1.1" 200 6032
[16/Jan/2018 13:50:25] "GET /user/vendor/bootstrap/js/bootstrap.bundle.min.js HTTP/1.1" 200 6032
[16/Jan/2018 13:50:31] "GET /admin/ HTTP/1.1" 302 0
[16/Jan/2018 13:50:33] "GET /admin/login/?next=/admin/ HTTP/1.1" 200 1918
[16/Jan/2018 13:50:35] "POST /admin/login/?next=/admin/ HTTP/1.1" 200 2084
[16/Jan/2018 13:50:44] "POST /admin/login/?next=/admin/ HTTP/1.1" 200 2084
[16/Jan/2018 13:50:54] "POST /admin/login/?next=/admin/ HTTP/1.1" 302 0
[16/Jan/2018 13:50:54] "GET /admin/ HTTP/1.1" 200 5741
[16/Jan/2018 13:50:56] "GET /admin/summary/summary/ HTTP/1.1" 200 5510
[16/Jan/2018 13:50:56] "GET /admin/jsi18n/ HTTP/1.1" 200 2372
[16/Jan/2018 13:50:59] "GET /admin/summary/summary/11/ HTTP/1.1" 200 8937
[16/Jan/2018 13:50:59] "GET /admin/jsi18n/ HTTP/1.1" 200 2372
[16/Jan/2018 13:51:07] "POST /admin/summary/summary/11/ HTTP/1.1" 302 0
[16/Jan/2018 13:51:07] "GET /admin/summary/summary/ HTTP/1.1" 200 5669
[16/Jan/2018 13:51:07] "GET /admin/jsi18n/ HTTP/1.1" 200 2372
[16/Jan/2018 13:51:11] "GET / HTTP/1.1" 200 8230
[16/Jan/2018 13:51:11] "GET /vendor/jquery/jquery.min.js HTTP/1.1" 404 5024
[16/Jan/2018 13:51:11] "GET /vendor/bootstrap/js/bootstrap.bundle.min.js HTTP/1.1" 404 5072
[16/Jan/2018 13:51:11] "GET /vendor/jquery/jquery.min.js HTTP/1.1" 404 5024
[16/Jan/2018 13:51:11] "GET /css/searchicon.png HTTP/1.1" 404 4997
[16/Jan/2018 13:51:11] "GET /vendor/bootstrap/js/bootstrap.bundle.min.js HTTP/1.1" 404 5072
[16/Jan/2018 13:51:12] "GET /subject/1/ HTTP/1.1" 200 5643
[16/Jan/2018 13:51:12] "GET /subject/1/vendor/jquery/jquery.min.js HTTP/1.1" 404 5054
[16/Jan/2018 13:51:12] "GET /subject/1/vendor/bootstrap/js/bootstrap.bundle.min.js HTTP/1.1" 404 5102
[16/Jan/2018 13:51:14] "GET /vendor/bootstrap/js/bootstrap.bundle.min.js HTTP/1.1" 404 5072
[16/Jan/2018 13:51:24] "GET /login/ HTTP/1.1" 200 5942
[16/Jan/2018 13:51:24] "GET /login/vendor/jquery/jquery.min.js HTTP/1.1" 404 5042
[16/Jan/2018 13:51:24] "GET /login/vendor/bootstrap/js/bootstrap.bundle.min.js HTTP/1.1" 404 5090
[16/Jan/2018 13:51:24] "GET /login/vendor/jquery/jquery.min.js HTTP/1.1" 404 5042
[16/Jan/2018 13:51:24] "GET /login/vendor/bootstrap/js/bootstrap.bundle.min.js HTTP/1.1" 404 5090
[16/Jan/2018 13:51:25] "POST /login/ HTTP/1.1" 302 0
[16/Jan/2018 13:51:25] "GET /user/ HTTP/1.1" 200 6032
[16/Jan/2018 13:51:26] "GET /user/vendor/jquery/jquery.min.js HTTP/1.1" 200 6032
[16/Jan/2018 13:51:26] "GET /user/vendor/bootstrap/js/bootstrap.bundle.min.js HTTP/1.1" 200 6032
[16/Jan/2018 13:51:27] "GET /summary/11/ HTTP/1.1" 200 6769
[16/Jan/2018 13:51:27] "GET /static/vendor/jquery/jquery.min.js HTTP/1.1" 304 0
[16/Jan/2018 13:51:27] "GET /static/vendor/bootstrap/js/bootstrap.bundle.min.js HTTP/1.1" 304 0
[16/Jan/2018 13:51:35] "GET / HTTP/1.1" 200 8230
[16/Jan/2018 13:51:35] "GET /vendor/jquery/jquery.min.js HTTP/1.1" 404 5024
[16/Jan/2018 13:51:35] "GET /vendor/bootstrap/js/bootstrap.bundle.min.js HTTP/1.1" 404 5072
[16/Jan/2018 13:51:35] "GET /css/searchicon.png HTTP/1.1" 404 4997
[16/Jan/2018 13:51:48] "GET /university/3/ HTTP/1.1" 200 8761
[16/Jan/2018 13:51:48] "GET /university/3/vendor/jquery/jquery.min.js HTTP/1.1" 404 5063
[16/Jan/2018 13:51:48] "GET /static/media/summary.png HTTP/1.1" 200 20426
[16/Jan/2018 13:51:48] "GET /university/3/vendor/bootstrap/js/bootstrap.bundle.min.js HTTP/1.1" 404 5111
[16/Jan/2018 13:51:52] "GET /summary/2/ HTTP/1.1" 200 6771
[16/Jan/2018 13:51:57] "GET /vendor/jquery/jquery.min.js HTTP/1.1" 404 5024
[16/Jan/2018 13:51:57] "GET /vendor/bootstrap/js/bootstrap.bundle.min.js HTTP/1.1" 404 5072
[16/Jan/2018 13:51:57] "GET /css/searchicon.png HTTP/1.1" 404 4997
[16/Jan/2018 13:51:59] "GET /university/2/ HTTP/1.1" 200 5515
[16/Jan/2018 13:51:59] "GET /university/2/vendor/jquery/jquery.min.js HTTP/1.1" 404 5063
[16/Jan/2018 13:51:59] "GET /university/2/vendor/bootstrap/js/bootstrap.bundle.min.js HTTP/1.1" 404 5111
[16/Jan/2018 13:52:01] "GET /vendor/jquery/jquery.min.js HTTP/1.1" 404 5024
[16/Jan/2018 13:52:01] "GET /vendor/bootstrap/js/bootstrap.bundle.min.js HTTP/1.1" 404 5072
[16/Jan/2018 13:52:01] "GET /university/4/ HTTP/1.1" 200 5525
[16/Jan/2018 13:52:01] "GET /university/4/vendor/bootstrap/js/bootstrap.bundle.min.js HTTP/1.1" 404 5111
[16/Jan/2018 13:52:01] "GET /university/4/vendor/jquery/jquery.min.js HTTP/1.1" 404 5063
[16/Jan/2018 13:52:01] "GET /university/4/vendor/bootstrap/js/bootstrap.bundle.min.js HTTP/1.1" 404 5111
[16/Jan/2018 13:52:03] "GET /vendor/jquery/jquery.min.js HTTP/1.1" 404 5024
[16/Jan/2018 13:52:03] "GET /vendor/bootstrap/js/bootstrap.bundle.min.js HTTP/1.1" 404 5072
[16/Jan/2018 13:52:05] "GET /university/3/ HTTP/1.1" 200 8761
[16/Jan/2018 13:52:05] "GET /university/3/vendor/bootstrap/js/bootstrap.bundle.min.js HTTP/1.1" 404 5111
[16/Jan/2018 13:52:05] "GET /university/3/vendor/jquery/jquery.min.js HTTP/1.1" 404 5063
[16/Jan/2018 13:52:05] "GET /university/3/vendor/bootstrap/js/bootstrap.bundle.min.js HTTP/1.1" 404 5111
[16/Jan/2018 13:52:11] "GET /vendor/jquery/jquery.min.js HTTP/1.1" 404 5024
[16/Jan/2018 13:52:11] "GET /vendor/bootstrap/js/bootstrap.bundle.min.js HTTP/1.1" 404 5072
[16/Jan/2018 13:52:18] "GET /admin/ HTTP/1.1" 302 0
[16/Jan/2018 13:52:18] "GET /admin/login/?next=/admin/ HTTP/1.1" 200 1918
[16/Jan/2018 13:52:18] "GET /admin/login/?next=/admin/ HTTP/1.1" 200 1918
[16/Jan/2018 13:52:20] "POST /admin/login/?next=/admin/ HTTP/1.1" 200 2084
[16/Jan/2018 13:52:26] "POST /admin/login/?next=/admin/ HTTP/1.1" 302 0
[16/Jan/2018 13:52:27] "GET /admin/ HTTP/1.1" 200 6037
[16/Jan/2018 13:52:34] "GET /admin/summary/university/ HTTP/1.1" 200 4868
[16/Jan/2018 13:52:34] "GET /admin/jsi18n/ HTTP/1.1" 200 2372
[16/Jan/2018 13:52:39] "POST /admin/summary/university/ HTTP/1.1" 200 2864
[16/Jan/2018 13:52:40] "POST /admin/summary/university/ HTTP/1.1" 302 0
[16/Jan/2018 13:52:40] "GET /admin/summary/university/ HTTP/1.1" 200 4531
[16/Jan/2018 13:52:40] "GET /admin/jsi18n/ HTTP/1.1" 200 2372
[16/Jan/2018 13:52:44] "GET / HTTP/1.1" 200 7950
[16/Jan/2018 13:52:45] "GET /css/searchicon.png HTTP/1.1" 404 4997
[16/Jan/2018 13:52:45] "GET /vendor/bootstrap/js/bootstrap.bundle.min.js HTTP/1.1" 404 5072
[16/Jan/2018 13:52:45] "GET /vendor/jquery/jquery.min.js HTTP/1.1" 404 5024
[16/Jan/2018 13:52:52] "GET /university/3/ HTTP/1.1" 200 8761
[16/Jan/2018 13:52:52] "GET /university/3/vendor/jquery/jquery.min.js HTTP/1.1" 404 5063
[16/Jan/2018 13:52:52] "GET /university/3/vendor/jquery/jquery.min.js HTTP/1.1" 404 5063
[16/Jan/2018 13:52:52] "GET /university/3/vendor/bootstrap/js/bootstrap.bundle.min.js HTTP/1.1" 404 5111
[16/Jan/2018 13:52:54] "GET / HTTP/1.1" 200 7950
[16/Jan/2018 13:52:55] "GET /vendor/bootstrap/js/bootstrap.bundle.min.js HTTP/1.1" 404 5072
[16/Jan/2018 13:52:55] "GET /vendor/jquery/jquery.min.js HTTP/1.1" 404 5024
[16/Jan/2018 13:52:55] "GET /css/searchicon.png HTTP/1.1" 404 4997
[16/Jan/2018 13:52:55] "GET /vendor/bootstrap/js/bootstrap.bundle.min.js HTTP/1.1" 404 5072
[16/Jan/2018 15:57:51] "GET / HTTP/1.1" 200 7950
[16/Jan/2018 15:57:51] "GET /static/css/sumbrary.css HTTP/1.1" 200 2601
[16/Jan/2018 15:57:51] "GET /static/vendor/js/js.js HTTP/1.1" 200 749
[16/Jan/2018 15:57:51] "GET /static/vendor/bootstrap/css/bootstrap.min.css HTTP/1.1" 200 127349
[16/Jan/2018 15:57:51] "GET /vendor/jquery/jquery.min.js HTTP/1.1" 404 5024
[16/Jan/2018 15:57:51] "GET /vendor/bootstrap/js/bootstrap.bundle.min.js HTTP/1.1" 404 5072
[16/Jan/2018 15:57:51] "GET /static/media/subjects.png HTTP/1.1" 200 11394
[16/Jan/2018 15:57:51] "GET /static/media/universities.png HTTP/1.1" 200 11540
[16/Jan/2018 15:57:51] "GET /static/media/books.png HTTP/1.1" 200 11558
[16/Jan/2018 15:57:51] "GET /static/media/background.png HTTP/1.1" 200 35109
[16/Jan/2018 15:57:51] "GET /css/searchicon.png HTTP/1.1" 404 4997
[16/Jan/2018 15:57:52] "GET /vendor/jquery/jquery.min.js HTTP/1.1" 404 5024
[16/Jan/2018 15:57:52] "GET /vendor/bootstrap/js/bootstrap.bundle.min.js HTTP/1.1" 404 5072
[16/Jan/2018 15:57:52] "GET /favicon.ico HTTP/1.1" 404 4976
[16/Jan/2018 15:58:01] "GET /allUnis/ HTTP/1.1" 200 5552
[16/Jan/2018 15:58:01] "GET /allUnis/vendor/jquery/jquery.min.js HTTP/1.1" 404 5048
[16/Jan/2018 15:58:01] "GET /allUnis/vendor/bootstrap/js/bootstrap.bundle.min.js HTTP/1.1" 404 5096
[16/Jan/2018 15:58:01] "GET /allUnis/vendor/jquery/jquery.min.js HTTP/1.1" 404 5048
[16/Jan/2018 15:58:01] "GET /allUnis/vendor/bootstrap/js/bootstrap.bundle.min.js HTTP/1.1" 404 5096
[16/Jan/2018 15:58:02] "GET /university/3 HTTP/1.1" 301 0
[16/Jan/2018 15:58:03] "GET /university/3/ HTTP/1.1" 200 8761
[16/Jan/2018 15:58:03] "GET /university/3/vendor/jquery/jquery.min.js HTTP/1.1" 404 5063
[16/Jan/2018 15:58:03] "GET /university/3/vendor/bootstrap/js/bootstrap.bundle.min.js HTTP/1.1" 404 5111
[16/Jan/2018 15:58:03] "GET /static/media/summary.png HTTP/1.1" 200 20426
[16/Jan/2018 15:58:03] "GET /university/3/vendor/jquery/jquery.min.js HTTP/1.1" 404 5063
[16/Jan/2018 15:58:03] "GET /university/3/vendor/bootstrap/js/bootstrap.bundle.min.js HTTP/1.1" 404 5111
[16/Jan/2018 15:58:08] "GET /summary/9/ HTTP/1.1" 200 6744
[16/Jan/2018 15:58:08] "GET /static/vendor/jquery/jquery.min.js HTTP/1.1" 200 86663
[16/Jan/2018 15:58:08] "GET /static/vendor/bootstrap/js/bootstrap.bundle.min.js HTTP/1.1" 200 69459
[16/Jan/2018 15:58:20] "GET /allSubj/ HTTP/1.1" 200 6666
[16/Jan/2018 15:58:21] "GET /allSubj/vendor/jquery/jquery.min.js HTTP/1.1" 404 5048
[16/Jan/2018 15:58:21] "GET /allSubj/vendor/bootstrap/js/bootstrap.bundle.min.js HTTP/1.1" 404 5096
[16/Jan/2018 15:58:21] "GET /allSubj/vendor/jquery/jquery.min.js HTTP/1.1" 404 5048
[16/Jan/2018 15:58:21] "GET /allSubj/vendor/bootstrap/js/bootstrap.bundle.min.js HTTP/1.1" 404 5096
[16/Jan/2018 15:58:24] "GET /subject/1 HTTP/1.1" 301 0
[16/Jan/2018 15:58:24] "GET /subject/1/ HTTP/1.1" 200 5643
[16/Jan/2018 15:58:24] "GET /subject/1/vendor/jquery/jquery.min.js HTTP/1.1" 404 5054
[16/Jan/2018 15:58:24] "GET /subject/1/vendor/bootstrap/js/bootstrap.bundle.min.js HTTP/1.1" 404 5102
[16/Jan/2018 15:58:24] "GET /subject/1/vendor/jquery/jquery.min.js HTTP/1.1" 404 5054
[16/Jan/2018 15:58:24] "GET /subject/1/vendor/bootstrap/js/bootstrap.bundle.min.js HTTP/1.1" 404 5102
[16/Jan/2018 15:58:34] "GET /allSubj/ HTTP/1.1" 200 6666
[16/Jan/2018 15:58:34] "GET /allSubj/vendor/jquery/jquery.min.js HTTP/1.1" 404 5048
[16/Jan/2018 15:58:34] "GET /allSubj/vendor/bootstrap/js/bootstrap.bundle.min.js HTTP/1.1" 404 5096
[16/Jan/2018 15:58:34] "GET /allSubj/vendor/jquery/jquery.min.js HTTP/1.1" 404 5048
[16/Jan/2018 15:58:34] "GET /allSubj/vendor/bootstrap/js/bootstrap.bundle.min.js HTTP/1.1" 404 5096
[16/Jan/2018 15:58:38] "GET /allSubj/Contact.html HTTP/1.1" 404 5003
[16/Jan/2018 16:40:32] "POST / HTTP/1.0" 403 2629
[17/Jan/2018 00:50:08] "GET /favicon.ico HTTP/1.1" 404 4976
[17/Jan/2018 11:02:47] "GET / HTTP/1.1" 200 7950
[17/Jan/2018 11:02:48] "GET /favicon.ico HTTP/1.1" 404 4976
